2023-02-28 00:07:57 error: uncaughtException: this.updatePipelineBuild is not a function
TypeError: this.updatePipelineBuild is not a function
    at Socket.<anonymous> (/Users/mac/Documents/www/K8sPipeline/App/src/repositories/pipeline.repository.ts:189:12)
    at Socket.emit (node:events:525:35)
    at Socket.emit (node:domain:489:12)
    at addChunk (node:internal/streams/readable:324:12)
    at readableAddChunk (node:internal/streams/readable:293:11)
    at Socket.Readable.push (node:internal/streams/readable:234:10)
    at Pipe.onStreamRead (node:internal/stream_base_commons:190:23)
2023-02-28 00:07:57 error: uncaughtException: this.updatePipelineBuild is not a function
TypeError: this.updatePipelineBuild is not a function
    at Socket.<anonymous> (/Users/mac/Documents/www/K8sPipeline/App/src/repositories/pipeline.repository.ts:189:12)
    at Socket.emit (node:events:525:35)
    at Socket.emit (node:domain:489:12)
    at addChunk (node:internal/streams/readable:324:12)
    at readableAddChunk (node:internal/streams/readable:293:11)
    at Socket.Readable.push (node:internal/streams/readable:234:10)
    at Pipe.onStreamRead (node:internal/stream_base_commons:190:23)
2023-02-28 00:07:57 error: uncaughtException: this.updatePipelineBuild is not a function
TypeError: this.updatePipelineBuild is not a function
    at Socket.<anonymous> (/Users/mac/Documents/www/K8sPipeline/App/src/repositories/pipeline.repository.ts:189:12)
    at Socket.emit (node:events:525:35)
    at Socket.emit (node:domain:489:12)
    at addChunk (node:internal/streams/readable:324:12)
    at readableAddChunk (node:internal/streams/readable:293:11)
    at Socket.Readable.push (node:internal/streams/readable:234:10)
    at Pipe.onStreamRead (node:internal/stream_base_commons:190:23)
2023-02-28 00:07:57 error: uncaughtException: this.updatePipelineBuild is not a function
TypeError: this.updatePipelineBuild is not a function
    at Socket.<anonymous> (/Users/mac/Documents/www/K8sPipeline/App/src/repositories/pipeline.repository.ts:189:12)
    at Socket.emit (node:events:525:35)
    at Socket.emit (node:domain:489:12)
    at addChunk (node:internal/streams/readable:324:12)
    at readableAddChunk (node:internal/streams/readable:293:11)
    at Socket.Readable.push (node:internal/streams/readable:234:10)
    at Pipe.onStreamRead (node:internal/stream_base_commons:190:23)
2023-02-28 00:07:57 error: uncaughtException: this.updatePipelineBuild is not a function
TypeError: this.updatePipelineBuild is not a function
    at Socket.<anonymous> (/Users/mac/Documents/www/K8sPipeline/App/src/repositories/pipeline.repository.ts:189:12)
    at Socket.emit (node:events:525:35)
    at Socket.emit (node:domain:489:12)
    at addChunk (node:internal/streams/readable:324:12)
    at readableAddChunk (node:internal/streams/readable:293:11)
    at Socket.Readable.push (node:internal/streams/readable:234:10)
    at Pipe.onStreamRead (node:internal/stream_base_commons:190:23)
2023-02-28 00:07:58 error: uncaughtException: this.updatePipelineBuild is not a function
TypeError: this.updatePipelineBuild is not a function
    at Socket.<anonymous> (/Users/mac/Documents/www/K8sPipeline/App/src/repositories/pipeline.repository.ts:189:12)
    at Socket.emit (node:events:525:35)
    at Socket.emit (node:domain:489:12)
    at addChunk (node:internal/streams/readable:324:12)
    at readableAddChunk (node:internal/streams/readable:293:11)
    at Socket.Readable.push (node:internal/streams/readable:234:10)
    at Pipe.onStreamRead (node:internal/stream_base_commons:190:23)
2023-02-28 00:07:58 error: uncaughtException: this.updatePipelineBuild is not a function
TypeError: this.updatePipelineBuild is not a function
    at Socket.<anonymous> (/Users/mac/Documents/www/K8sPipeline/App/src/repositories/pipeline.repository.ts:189:12)
    at Socket.emit (node:events:525:35)
    at Socket.emit (node:domain:489:12)
    at addChunk (node:internal/streams/readable:324:12)
    at readableAddChunk (node:internal/streams/readable:293:11)
    at Socket.Readable.push (node:internal/streams/readable:234:10)
    at Pipe.onStreamRead (node:internal/stream_base_commons:190:23)
2023-02-28 00:08:00 error: uncaughtException: this.updatePipelineBuild is not a function
TypeError: this.updatePipelineBuild is not a function
    at Socket.<anonymous> (/Users/mac/Documents/www/K8sPipeline/App/src/repositories/pipeline.repository.ts:189:12)
    at Socket.emit (node:events:525:35)
    at Socket.emit (node:domain:489:12)
    at addChunk (node:internal/streams/readable:324:12)
    at readableAddChunk (node:internal/streams/readable:293:11)
    at Socket.Readable.push (node:internal/streams/readable:234:10)
    at Pipe.onStreamRead (node:internal/stream_base_commons:190:23)
2023-02-28 00:08:00 error: uncaughtException: this.updatePipelineBuild is not a function
TypeError: this.updatePipelineBuild is not a function
    at Socket.<anonymous> (/Users/mac/Documents/www/K8sPipeline/App/src/repositories/pipeline.repository.ts:189:12)
    at Socket.emit (node:events:525:35)
    at Socket.emit (node:domain:489:12)
    at addChunk (node:internal/streams/readable:324:12)
    at readableAddChunk (node:internal/streams/readable:293:11)
    at Socket.Readable.push (node:internal/streams/readable:234:10)
    at Pipe.onStreamRead (node:internal/stream_base_commons:190:23)
2023-02-28 00:08:00 error: uncaughtException: this.updatePipelineBuild is not a function
TypeError: this.updatePipelineBuild is not a function
    at Socket.<anonymous> (/Users/mac/Documents/www/K8sPipeline/App/src/repositories/pipeline.repository.ts:189:12)
    at Socket.emit (node:events:525:35)
    at Socket.emit (node:domain:489:12)
    at addChunk (node:internal/streams/readable:324:12)
    at readableAddChunk (node:internal/streams/readable:293:11)
    at Socket.Readable.push (node:internal/streams/readable:234:10)
    at Pipe.onStreamRead (node:internal/stream_base_commons:190:23)
2023-02-28 00:08:00 error: uncaughtException: this.updatePipelineBuild is not a function
TypeError: this.updatePipelineBuild is not a function
    at Socket.<anonymous> (/Users/mac/Documents/www/K8sPipeline/App/src/repositories/pipeline.repository.ts:189:12)
    at Socket.emit (node:events:525:35)
    at Socket.emit (node:domain:489:12)
    at addChunk (node:internal/streams/readable:324:12)
    at readableAddChunk (node:internal/streams/readable:293:11)
    at Socket.Readable.push (node:internal/streams/readable:234:10)
    at Pipe.onStreamRead (node:internal/stream_base_commons:190:23)
2023-02-28 11:19:00 error: uncaughtException: Cannot find module '@utils/validateEnv'
Require stack:
- /Users/mac/Documents/www/K8sPipeline/App/src/server.ts
Error: Cannot find module '@utils/validateEnv'
Require stack:
- /Users/mac/Documents/www/K8sPipeline/App/src/server.ts
    at Function.Module._resolveFilename (node:internal/modules/cjs/loader:995:15)
    at Function.Module._resolveFilename.sharedData.moduleResolveFilenameHook.installedValue [as _resolveFilename] (/usr/local/lib/node_modules/ts-node/node_modules/@cspotcode/source-map-support/source-map-support.js:811:30)
    at Function.Module._load (node:internal/modules/cjs/loader:841:27)
    at Module.require (node:internal/modules/cjs/loader:1061:19)
    at require (node:internal/modules/cjs/helpers:103:18)
    at Object.<anonymous> (/Users/mac/Documents/www/K8sPipeline/App/src/server.ts:2:1)
    at Module._compile (node:internal/modules/cjs/loader:1159:14)
    at Module.m._compile (/usr/local/lib/node_modules/ts-node/src/index.ts:1618:23)
    at Module._extensions..js (node:internal/modules/cjs/loader:1213:10)
    at Object.require.extensions.<computed> [as .ts] (/usr/local/lib/node_modules/ts-node/src/index.ts:1621:12)
2023-02-28 13:55:33 error: uncaughtException: this.updatePipelineBuild is not a function
TypeError: this.updatePipelineBuild is not a function
    at Socket.<anonymous> (/Users/mac/Documents/www/K8sPipeline/App/src/repositories/pipeline.repository.ts:189:12)
    at Socket.emit (node:events:525:35)
    at Socket.emit (node:domain:489:12)
    at addChunk (node:internal/streams/readable:324:12)
    at readableAddChunk (node:internal/streams/readable:293:11)
    at Socket.Readable.push (node:internal/streams/readable:234:10)
    at Pipe.onStreamRead (node:internal/stream_base_commons:190:23)
2023-02-28 13:55:33 error: uncaughtException: this.updatePipelineBuild is not a function
TypeError: this.updatePipelineBuild is not a function
    at Socket.<anonymous> (/Users/mac/Documents/www/K8sPipeline/App/src/repositories/pipeline.repository.ts:189:12)
    at Socket.emit (node:events:525:35)
    at Socket.emit (node:domain:489:12)
    at addChunk (node:internal/streams/readable:324:12)
    at readableAddChunk (node:internal/streams/readable:293:11)
    at Socket.Readable.push (node:internal/streams/readable:234:10)
    at Pipe.onStreamRead (node:internal/stream_base_commons:190:23)
2023-02-28 13:55:33 error: uncaughtException: this.updatePipelineBuild is not a function
TypeError: this.updatePipelineBuild is not a function
    at Socket.<anonymous> (/Users/mac/Documents/www/K8sPipeline/App/src/repositories/pipeline.repository.ts:189:12)
    at Socket.emit (node:events:525:35)
    at Socket.emit (node:domain:489:12)
    at addChunk (node:internal/streams/readable:324:12)
    at readableAddChunk (node:internal/streams/readable:293:11)
    at Socket.Readable.push (node:internal/streams/readable:234:10)
    at Pipe.onStreamRead (node:internal/stream_base_commons:190:23)
2023-02-28 13:55:34 error: uncaughtException: this.updatePipelineBuild is not a function
TypeError: this.updatePipelineBuild is not a function
    at Socket.<anonymous> (/Users/mac/Documents/www/K8sPipeline/App/src/repositories/pipeline.repository.ts:189:12)
    at Socket.emit (node:events:525:35)
    at Socket.emit (node:domain:489:12)
    at addChunk (node:internal/streams/readable:324:12)
    at readableAddChunk (node:internal/streams/readable:293:11)
    at Socket.Readable.push (node:internal/streams/readable:234:10)
    at Pipe.onStreamRead (node:internal/stream_base_commons:190:23)
2023-02-28 13:55:35 error: uncaughtException: this.updatePipelineBuild is not a function
TypeError: this.updatePipelineBuild is not a function
    at Socket.<anonymous> (/Users/mac/Documents/www/K8sPipeline/App/src/repositories/pipeline.repository.ts:189:12)
    at Socket.emit (node:events:525:35)
    at Socket.emit (node:domain:489:12)
    at addChunk (node:internal/streams/readable:324:12)
    at readableAddChunk (node:internal/streams/readable:293:11)
    at Socket.Readable.push (node:internal/streams/readable:234:10)
    at Pipe.onStreamRead (node:internal/stream_base_commons:190:23)
2023-02-28 13:55:35 error: uncaughtException: this.updatePipelineBuild is not a function
TypeError: this.updatePipelineBuild is not a function
    at Socket.<anonymous> (/Users/mac/Documents/www/K8sPipeline/App/src/repositories/pipeline.repository.ts:189:12)
    at Socket.emit (node:events:525:35)
    at Socket.emit (node:domain:489:12)
    at addChunk (node:internal/streams/readable:324:12)
    at readableAddChunk (node:internal/streams/readable:293:11)
    at Socket.Readable.push (node:internal/streams/readable:234:10)
    at Pipe.onStreamRead (node:internal/stream_base_commons:190:23)
2023-02-28 13:55:35 error: uncaughtException: this.updatePipelineBuild is not a function
TypeError: this.updatePipelineBuild is not a function
    at Socket.<anonymous> (/Users/mac/Documents/www/K8sPipeline/App/src/repositories/pipeline.repository.ts:189:12)
    at Socket.emit (node:events:525:35)
    at Socket.emit (node:domain:489:12)
    at addChunk (node:internal/streams/readable:324:12)
    at readableAddChunk (node:internal/streams/readable:293:11)
    at Socket.Readable.push (node:internal/streams/readable:234:10)
    at Pipe.onStreamRead (node:internal/stream_base_commons:190:23)
2023-02-28 14:04:59 error: uncaughtException: this.updatePipelineBuild is not a function
TypeError: this.updatePipelineBuild is not a function
    at Socket.<anonymous> (/Users/mac/Documents/www/K8sPipeline/App/src/repositories/pipeline.repository.ts:189:12)
    at Socket.emit (node:events:525:35)
    at Socket.emit (node:domain:489:12)
    at addChunk (node:internal/streams/readable:324:12)
    at readableAddChunk (node:internal/streams/readable:293:11)
    at Socket.Readable.push (node:internal/streams/readable:234:10)
    at Pipe.onStreamRead (node:internal/stream_base_commons:190:23)
2023-02-28 14:04:59 error: uncaughtException: this.updatePipelineBuild is not a function
TypeError: this.updatePipelineBuild is not a function
    at Socket.<anonymous> (/Users/mac/Documents/www/K8sPipeline/App/src/repositories/pipeline.repository.ts:189:12)
    at Socket.emit (node:events:525:35)
    at Socket.emit (node:domain:489:12)
    at addChunk (node:internal/streams/readable:324:12)
    at readableAddChunk (node:internal/streams/readable:293:11)
    at Socket.Readable.push (node:internal/streams/readable:234:10)
    at Pipe.onStreamRead (node:internal/stream_base_commons:190:23)
2023-02-28 14:04:59 error: uncaughtException: this.updatePipelineBuild is not a function
TypeError: this.updatePipelineBuild is not a function
    at Socket.<anonymous> (/Users/mac/Documents/www/K8sPipeline/App/src/repositories/pipeline.repository.ts:189:12)
    at Socket.emit (node:events:525:35)
    at Socket.emit (node:domain:489:12)
    at addChunk (node:internal/streams/readable:324:12)
    at readableAddChunk (node:internal/streams/readable:293:11)
    at Socket.Readable.push (node:internal/streams/readable:234:10)
    at Pipe.onStreamRead (node:internal/stream_base_commons:190:23)
2023-02-28 14:05:00 error: uncaughtException: this.updatePipelineBuild is not a function
TypeError: this.updatePipelineBuild is not a function
    at Socket.<anonymous> (/Users/mac/Documents/www/K8sPipeline/App/src/repositories/pipeline.repository.ts:189:12)
    at Socket.emit (node:events:525:35)
    at Socket.emit (node:domain:489:12)
    at addChunk (node:internal/streams/readable:324:12)
    at readableAddChunk (node:internal/streams/readable:293:11)
    at Socket.Readable.push (node:internal/streams/readable:234:10)
    at Pipe.onStreamRead (node:internal/stream_base_commons:190:23)
2023-02-28 14:05:00 error: uncaughtException: this.updatePipelineBuild is not a function
TypeError: this.updatePipelineBuild is not a function
    at Socket.<anonymous> (/Users/mac/Documents/www/K8sPipeline/App/src/repositories/pipeline.repository.ts:189:12)
    at Socket.emit (node:events:525:35)
    at Socket.emit (node:domain:489:12)
    at addChunk (node:internal/streams/readable:324:12)
    at readableAddChunk (node:internal/streams/readable:293:11)
    at Socket.Readable.push (node:internal/streams/readable:234:10)
    at Pipe.onStreamRead (node:internal/stream_base_commons:190:23)
2023-02-28 14:05:00 error: uncaughtException: this.updatePipelineBuild is not a function
TypeError: this.updatePipelineBuild is not a function
    at Socket.<anonymous> (/Users/mac/Documents/www/K8sPipeline/App/src/repositories/pipeline.repository.ts:189:12)
    at Socket.emit (node:events:525:35)
    at Socket.emit (node:domain:489:12)
    at addChunk (node:internal/streams/readable:324:12)
    at readableAddChunk (node:internal/streams/readable:293:11)
    at Socket.Readable.push (node:internal/streams/readable:234:10)
    at Pipe.onStreamRead (node:internal/stream_base_commons:190:23)
2023-02-28 14:06:01 error: uncaughtException: this.updatePipelineBuild is not a function
TypeError: this.updatePipelineBuild is not a function
    at Socket.<anonymous> (/Users/mac/Documents/www/K8sPipeline/App/src/repositories/pipeline.repository.ts:189:12)
    at Socket.emit (node:events:525:35)
    at Socket.emit (node:domain:489:12)
    at addChunk (node:internal/streams/readable:324:12)
    at readableAddChunk (node:internal/streams/readable:293:11)
    at Socket.Readable.push (node:internal/streams/readable:234:10)
    at Pipe.onStreamRead (node:internal/stream_base_commons:190:23)
2023-02-28 14:06:01 error: uncaughtException: this.updatePipelineBuild is not a function
TypeError: this.updatePipelineBuild is not a function
    at Socket.<anonymous> (/Users/mac/Documents/www/K8sPipeline/App/src/repositories/pipeline.repository.ts:189:12)
    at Socket.emit (node:events:525:35)
    at Socket.emit (node:domain:489:12)
    at addChunk (node:internal/streams/readable:324:12)
    at readableAddChunk (node:internal/streams/readable:293:11)
    at Socket.Readable.push (node:internal/streams/readable:234:10)
    at Pipe.onStreamRead (node:internal/stream_base_commons:190:23)
2023-02-28 14:06:01 error: uncaughtException: this.updatePipelineBuild is not a function
TypeError: this.updatePipelineBuild is not a function
    at Socket.<anonymous> (/Users/mac/Documents/www/K8sPipeline/App/src/repositories/pipeline.repository.ts:189:12)
    at Socket.emit (node:events:525:35)
    at Socket.emit (node:domain:489:12)
    at addChunk (node:internal/streams/readable:324:12)
    at readableAddChunk (node:internal/streams/readable:293:11)
    at Socket.Readable.push (node:internal/streams/readable:234:10)
    at Pipe.onStreamRead (node:internal/stream_base_commons:190:23)
2023-02-28 14:06:02 error: uncaughtException: this.updatePipelineBuild is not a function
TypeError: this.updatePipelineBuild is not a function
    at Socket.<anonymous> (/Users/mac/Documents/www/K8sPipeline/App/src/repositories/pipeline.repository.ts:189:12)
    at Socket.emit (node:events:525:35)
    at Socket.emit (node:domain:489:12)
    at addChunk (node:internal/streams/readable:324:12)
    at readableAddChunk (node:internal/streams/readable:293:11)
    at Socket.Readable.push (node:internal/streams/readable:234:10)
    at Pipe.onStreamRead (node:internal/stream_base_commons:190:23)
2023-02-28 14:06:02 error: uncaughtException: this.updatePipelineBuild is not a function
TypeError: this.updatePipelineBuild is not a function
    at Socket.<anonymous> (/Users/mac/Documents/www/K8sPipeline/App/src/repositories/pipeline.repository.ts:189:12)
    at Socket.emit (node:events:525:35)
    at Socket.emit (node:domain:489:12)
    at addChunk (node:internal/streams/readable:324:12)
    at readableAddChunk (node:internal/streams/readable:293:11)
    at Socket.Readable.push (node:internal/streams/readable:234:10)
    at Pipe.onStreamRead (node:internal/stream_base_commons:190:23)
2023-02-28 14:06:02 error: uncaughtException: this.updatePipelineBuild is not a function
TypeError: this.updatePipelineBuild is not a function
    at Socket.<anonymous> (/Users/mac/Documents/www/K8sPipeline/App/src/repositories/pipeline.repository.ts:189:12)
    at Socket.emit (node:events:525:35)
    at Socket.emit (node:domain:489:12)
    at addChunk (node:internal/streams/readable:324:12)
    at readableAddChunk (node:internal/streams/readable:293:11)
    at Socket.Readable.push (node:internal/streams/readable:234:10)
    at Pipe.onStreamRead (node:internal/stream_base_commons:190:23)
2023-02-28 14:06:03 error: uncaughtException: this.updatePipelineBuild is not a function
TypeError: this.updatePipelineBuild is not a function
    at Socket.<anonymous> (/Users/mac/Documents/www/K8sPipeline/App/src/repositories/pipeline.repository.ts:189:12)
    at Socket.emit (node:events:525:35)
    at Socket.emit (node:domain:489:12)
    at addChunk (node:internal/streams/readable:324:12)
    at readableAddChunk (node:internal/streams/readable:293:11)
    at Socket.Readable.push (node:internal/streams/readable:234:10)
    at Pipe.onStreamRead (node:internal/stream_base_commons:190:23)
2023-02-28 14:06:04 error: uncaughtException: this.updatePipelineBuild is not a function
TypeError: this.updatePipelineBuild is not a function
    at Socket.<anonymous> (/Users/mac/Documents/www/K8sPipeline/App/src/repositories/pipeline.repository.ts:189:12)
    at Socket.emit (node:events:525:35)
    at Socket.emit (node:domain:489:12)
    at addChunk (node:internal/streams/readable:324:12)
    at readableAddChunk (node:internal/streams/readable:293:11)
    at Socket.Readable.push (node:internal/streams/readable:234:10)
    at Pipe.onStreamRead (node:internal/stream_base_commons:190:23)
2023-02-28 14:06:04 error: uncaughtException: this.updatePipelineBuild is not a function
TypeError: this.updatePipelineBuild is not a function
    at Socket.<anonymous> (/Users/mac/Documents/www/K8sPipeline/App/src/repositories/pipeline.repository.ts:189:12)
    at Socket.emit (node:events:525:35)
    at Socket.emit (node:domain:489:12)
    at addChunk (node:internal/streams/readable:324:12)
    at readableAddChunk (node:internal/streams/readable:293:11)
    at Socket.Readable.push (node:internal/streams/readable:234:10)
    at Pipe.onStreamRead (node:internal/stream_base_commons:190:23)
2023-02-28 14:06:04 error: uncaughtException: this.updatePipelineBuild is not a function
TypeError: this.updatePipelineBuild is not a function
    at Socket.<anonymous> (/Users/mac/Documents/www/K8sPipeline/App/src/repositories/pipeline.repository.ts:189:12)
    at Socket.emit (node:events:525:35)
    at Socket.emit (node:domain:489:12)
    at addChunk (node:internal/streams/readable:324:12)
    at readableAddChunk (node:internal/streams/readable:293:11)
    at Socket.Readable.push (node:internal/streams/readable:234:10)
    at Pipe.onStreamRead (node:internal/stream_base_commons:190:23)
2023-02-28 14:10:29 error: uncaughtException: this.updatePipelineBuild is not a function
TypeError: this.updatePipelineBuild is not a function
    at Socket.<anonymous> (/Users/mac/Documents/www/K8sPipeline/App/src/repositories/pipeline.repository.ts:172:12)
    at Socket.emit (node:events:525:35)
    at Socket.emit (node:domain:489:12)
    at addChunk (node:internal/streams/readable:324:12)
    at readableAddChunk (node:internal/streams/readable:293:11)
    at Socket.Readable.push (node:internal/streams/readable:234:10)
    at Pipe.onStreamRead (node:internal/stream_base_commons:190:23)
2023-02-28 14:10:29 error: uncaughtException: this.updatePipelineBuild is not a function
TypeError: this.updatePipelineBuild is not a function
    at Socket.<anonymous> (/Users/mac/Documents/www/K8sPipeline/App/src/repositories/pipeline.repository.ts:172:12)
    at Socket.emit (node:events:525:35)
    at Socket.emit (node:domain:489:12)
    at addChunk (node:internal/streams/readable:324:12)
    at readableAddChunk (node:internal/streams/readable:293:11)
    at Socket.Readable.push (node:internal/streams/readable:234:10)
    at Pipe.onStreamRead (node:internal/stream_base_commons:190:23)
2023-02-28 14:10:29 error: uncaughtException: this.updatePipelineBuild is not a function
TypeError: this.updatePipelineBuild is not a function
    at Socket.<anonymous> (/Users/mac/Documents/www/K8sPipeline/App/src/repositories/pipeline.repository.ts:172:12)
    at Socket.emit (node:events:525:35)
    at Socket.emit (node:domain:489:12)
    at addChunk (node:internal/streams/readable:324:12)
    at readableAddChunk (node:internal/streams/readable:293:11)
    at Socket.Readable.push (node:internal/streams/readable:234:10)
    at Pipe.onStreamRead (node:internal/stream_base_commons:190:23)
2023-02-28 14:10:29 error: uncaughtException: this.updatePipelineBuild is not a function
TypeError: this.updatePipelineBuild is not a function
    at Socket.<anonymous> (/Users/mac/Documents/www/K8sPipeline/App/src/repositories/pipeline.repository.ts:172:12)
    at Socket.emit (node:events:525:35)
    at Socket.emit (node:domain:489:12)
    at addChunk (node:internal/streams/readable:324:12)
    at readableAddChunk (node:internal/streams/readable:293:11)
    at Socket.Readable.push (node:internal/streams/readable:234:10)
    at Pipe.onStreamRead (node:internal/stream_base_commons:190:23)
2023-02-28 14:10:30 error: uncaughtException: this.updatePipelineBuild is not a function
TypeError: this.updatePipelineBuild is not a function
    at Socket.<anonymous> (/Users/mac/Documents/www/K8sPipeline/App/src/repositories/pipeline.repository.ts:172:12)
    at Socket.emit (node:events:525:35)
    at Socket.emit (node:domain:489:12)
    at addChunk (node:internal/streams/readable:324:12)
    at readableAddChunk (node:internal/streams/readable:293:11)
    at Socket.Readable.push (node:internal/streams/readable:234:10)
    at Pipe.onStreamRead (node:internal/stream_base_commons:190:23)
2023-02-28 14:11:16 error: uncaughtException: this.updatePipelineBuild is not a function
TypeError: this.updatePipelineBuild is not a function
    at Socket.<anonymous> (/Users/mac/Documents/www/K8sPipeline/App/src/repositories/pipeline.repository.ts:189:12)
    at Socket.emit (node:events:525:35)
    at Socket.emit (node:domain:489:12)
    at addChunk (node:internal/streams/readable:324:12)
    at readableAddChunk (node:internal/streams/readable:293:11)
    at Socket.Readable.push (node:internal/streams/readable:234:10)
    at Pipe.onStreamRead (node:internal/stream_base_commons:190:23)
2023-02-28 14:11:16 error: uncaughtException: this.updatePipelineBuild is not a function
TypeError: this.updatePipelineBuild is not a function
    at Socket.<anonymous> (/Users/mac/Documents/www/K8sPipeline/App/src/repositories/pipeline.repository.ts:189:12)
    at Socket.emit (node:events:525:35)
    at Socket.emit (node:domain:489:12)
    at addChunk (node:internal/streams/readable:324:12)
    at readableAddChunk (node:internal/streams/readable:293:11)
    at Socket.Readable.push (node:internal/streams/readable:234:10)
    at Pipe.onStreamRead (node:internal/stream_base_commons:190:23)
2023-02-28 14:11:17 error: uncaughtException: this.updatePipelineBuild is not a function
TypeError: this.updatePipelineBuild is not a function
    at Socket.<anonymous> (/Users/mac/Documents/www/K8sPipeline/App/src/repositories/pipeline.repository.ts:189:12)
    at Socket.emit (node:events:525:35)
    at Socket.emit (node:domain:489:12)
    at addChunk (node:internal/streams/readable:324:12)
    at readableAddChunk (node:internal/streams/readable:293:11)
    at Socket.Readable.push (node:internal/streams/readable:234:10)
    at Pipe.onStreamRead (node:internal/stream_base_commons:190:23)
2023-02-28 14:11:17 error: uncaughtException: this.updatePipelineBuild is not a function
TypeError: this.updatePipelineBuild is not a function
    at Socket.<anonymous> (/Users/mac/Documents/www/K8sPipeline/App/src/repositories/pipeline.repository.ts:189:12)
    at Socket.emit (node:events:525:35)
    at Socket.emit (node:domain:489:12)
    at addChunk (node:internal/streams/readable:324:12)
    at readableAddChunk (node:internal/streams/readable:293:11)
    at Socket.Readable.push (node:internal/streams/readable:234:10)
    at Pipe.onStreamRead (node:internal/stream_base_commons:190:23)
2023-02-28 14:11:17 error: uncaughtException: this.updatePipelineBuild is not a function
TypeError: this.updatePipelineBuild is not a function
    at Socket.<anonymous> (/Users/mac/Documents/www/K8sPipeline/App/src/repositories/pipeline.repository.ts:189:12)
    at Socket.emit (node:events:525:35)
    at Socket.emit (node:domain:489:12)
    at addChunk (node:internal/streams/readable:324:12)
    at readableAddChunk (node:internal/streams/readable:293:11)
    at Socket.Readable.push (node:internal/streams/readable:234:10)
    at Pipe.onStreamRead (node:internal/stream_base_commons:190:23)
2023-02-28 14:11:18 error: uncaughtException: this.updatePipelineBuild is not a function
TypeError: this.updatePipelineBuild is not a function
    at Socket.<anonymous> (/Users/mac/Documents/www/K8sPipeline/App/src/repositories/pipeline.repository.ts:189:12)
    at Socket.emit (node:events:525:35)
    at Socket.emit (node:domain:489:12)
    at addChunk (node:internal/streams/readable:324:12)
    at readableAddChunk (node:internal/streams/readable:293:11)
    at Socket.Readable.push (node:internal/streams/readable:234:10)
    at Pipe.onStreamRead (node:internal/stream_base_commons:190:23)
2023-02-28 14:11:18 error: uncaughtException: this.updatePipelineBuild is not a function
TypeError: this.updatePipelineBuild is not a function
    at Socket.<anonymous> (/Users/mac/Documents/www/K8sPipeline/App/src/repositories/pipeline.repository.ts:189:12)
    at Socket.emit (node:events:525:35)
    at Socket.emit (node:domain:489:12)
    at addChunk (node:internal/streams/readable:324:12)
    at readableAddChunk (node:internal/streams/readable:293:11)
    at Socket.Readable.push (node:internal/streams/readable:234:10)
    at Pipe.onStreamRead (node:internal/stream_base_commons:190:23)
2023-02-28 14:11:19 error: uncaughtException: this.updatePipelineBuild is not a function
TypeError: this.updatePipelineBuild is not a function
    at Socket.<anonymous> (/Users/mac/Documents/www/K8sPipeline/App/src/repositories/pipeline.repository.ts:189:12)
    at Socket.emit (node:events:525:35)
    at Socket.emit (node:domain:489:12)
    at addChunk (node:internal/streams/readable:324:12)
    at readableAddChunk (node:internal/streams/readable:293:11)
    at Socket.Readable.push (node:internal/streams/readable:234:10)
    at Pipe.onStreamRead (node:internal/stream_base_commons:190:23)
2023-02-28 14:11:19 error: uncaughtException: this.updatePipelineBuild is not a function
TypeError: this.updatePipelineBuild is not a function
    at Socket.<anonymous> (/Users/mac/Documents/www/K8sPipeline/App/src/repositories/pipeline.repository.ts:189:12)
    at Socket.emit (node:events:525:35)
    at Socket.emit (node:domain:489:12)
    at addChunk (node:internal/streams/readable:324:12)
    at readableAddChunk (node:internal/streams/readable:293:11)
    at Socket.Readable.push (node:internal/streams/readable:234:10)
    at Pipe.onStreamRead (node:internal/stream_base_commons:190:23)
2023-02-28 14:13:50 error: uncaughtException: this.updatePipelineBuild is not a function
TypeError: this.updatePipelineBuild is not a function
    at Socket.<anonymous> (/Users/mac/Documents/www/K8sPipeline/App/src/repositories/pipeline.repository.ts:198:12)
    at Socket.emit (node:events:525:35)
    at Socket.emit (node:domain:489:12)
    at addChunk (node:internal/streams/readable:324:12)
    at readableAddChunk (node:internal/streams/readable:293:11)
    at Socket.Readable.push (node:internal/streams/readable:234:10)
    at Pipe.onStreamRead (node:internal/stream_base_commons:190:23)
2023-02-28 14:13:50 error: uncaughtException: this.updatePipelineBuild is not a function
TypeError: this.updatePipelineBuild is not a function
    at Socket.<anonymous> (/Users/mac/Documents/www/K8sPipeline/App/src/repositories/pipeline.repository.ts:198:12)
    at Socket.emit (node:events:525:35)
    at Socket.emit (node:domain:489:12)
    at addChunk (node:internal/streams/readable:324:12)
    at readableAddChunk (node:internal/streams/readable:293:11)
    at Socket.Readable.push (node:internal/streams/readable:234:10)
    at Pipe.onStreamRead (node:internal/stream_base_commons:190:23)
2023-02-28 14:13:50 error: uncaughtException: this.updatePipelineBuild is not a function
TypeError: this.updatePipelineBuild is not a function
    at Socket.<anonymous> (/Users/mac/Documents/www/K8sPipeline/App/src/repositories/pipeline.repository.ts:198:12)
    at Socket.emit (node:events:525:35)
    at Socket.emit (node:domain:489:12)
    at addChunk (node:internal/streams/readable:324:12)
    at readableAddChunk (node:internal/streams/readable:293:11)
    at Socket.Readable.push (node:internal/streams/readable:234:10)
    at Pipe.onStreamRead (node:internal/stream_base_commons:190:23)
2023-02-28 14:13:51 error: uncaughtException: this.updatePipelineBuild is not a function
TypeError: this.updatePipelineBuild is not a function
    at Socket.<anonymous> (/Users/mac/Documents/www/K8sPipeline/App/src/repositories/pipeline.repository.ts:198:12)
    at Socket.emit (node:events:525:35)
    at Socket.emit (node:domain:489:12)
    at addChunk (node:internal/streams/readable:324:12)
    at readableAddChunk (node:internal/streams/readable:293:11)
    at Socket.Readable.push (node:internal/streams/readable:234:10)
    at Pipe.onStreamRead (node:internal/stream_base_commons:190:23)
2023-02-28 14:13:51 error: uncaughtException: this.updatePipelineBuild is not a function
TypeError: this.updatePipelineBuild is not a function
    at Socket.<anonymous> (/Users/mac/Documents/www/K8sPipeline/App/src/repositories/pipeline.repository.ts:198:12)
    at Socket.emit (node:events:525:35)
    at Socket.emit (node:domain:489:12)
    at addChunk (node:internal/streams/readable:324:12)
    at readableAddChunk (node:internal/streams/readable:293:11)
    at Socket.Readable.push (node:internal/streams/readable:234:10)
    at Pipe.onStreamRead (node:internal/stream_base_commons:190:23)
2023-02-28 14:13:52 error: uncaughtException: this.updatePipelineBuild is not a function
TypeError: this.updatePipelineBuild is not a function
    at Socket.<anonymous> (/Users/mac/Documents/www/K8sPipeline/App/src/repositories/pipeline.repository.ts:198:12)
    at Socket.emit (node:events:525:35)
    at Socket.emit (node:domain:489:12)
    at addChunk (node:internal/streams/readable:324:12)
    at readableAddChunk (node:internal/streams/readable:293:11)
    at Socket.Readable.push (node:internal/streams/readable:234:10)
    at Pipe.onStreamRead (node:internal/stream_base_commons:190:23)
2023-02-28 14:13:53 error: uncaughtException: this.updatePipelineBuild is not a function
TypeError: this.updatePipelineBuild is not a function
    at Socket.<anonymous> (/Users/mac/Documents/www/K8sPipeline/App/src/repositories/pipeline.repository.ts:198:12)
    at Socket.emit (node:events:525:35)
    at Socket.emit (node:domain:489:12)
    at addChunk (node:internal/streams/readable:324:12)
    at readableAddChunk (node:internal/streams/readable:293:11)
    at Socket.Readable.push (node:internal/streams/readable:234:10)
    at Pipe.onStreamRead (node:internal/stream_base_commons:190:23)
2023-02-28 14:13:53 error: uncaughtException: this.updatePipelineBuild is not a function
TypeError: this.updatePipelineBuild is not a function
    at Socket.<anonymous> (/Users/mac/Documents/www/K8sPipeline/App/src/repositories/pipeline.repository.ts:198:12)
    at Socket.emit (node:events:525:35)
    at Socket.emit (node:domain:489:12)
    at addChunk (node:internal/streams/readable:324:12)
    at readableAddChunk (node:internal/streams/readable:293:11)
    at Socket.Readable.push (node:internal/streams/readable:234:10)
    at Pipe.onStreamRead (node:internal/stream_base_commons:190:23)
2023-02-28 14:15:03 error: uncaughtException: this.updatePipelineBuild is not a function
TypeError: this.updatePipelineBuild is not a function
    at Socket.<anonymous> (/Users/mac/Documents/www/K8sPipeline/App/src/repositories/pipeline.repository.ts:198:12)
    at Socket.emit (node:events:525:35)
    at Socket.emit (node:domain:489:12)
    at addChunk (node:internal/streams/readable:324:12)
    at readableAddChunk (node:internal/streams/readable:293:11)
    at Socket.Readable.push (node:internal/streams/readable:234:10)
    at Pipe.onStreamRead (node:internal/stream_base_commons:190:23)
2023-02-28 14:15:03 error: uncaughtException: this.updatePipelineBuild is not a function
TypeError: this.updatePipelineBuild is not a function
    at Socket.<anonymous> (/Users/mac/Documents/www/K8sPipeline/App/src/repositories/pipeline.repository.ts:198:12)
    at Socket.emit (node:events:525:35)
    at Socket.emit (node:domain:489:12)
    at addChunk (node:internal/streams/readable:324:12)
    at readableAddChunk (node:internal/streams/readable:293:11)
    at Socket.Readable.push (node:internal/streams/readable:234:10)
    at Pipe.onStreamRead (node:internal/stream_base_commons:190:23)
2023-02-28 14:15:04 error: uncaughtException: this.updatePipelineBuild is not a function
TypeError: this.updatePipelineBuild is not a function
    at Socket.<anonymous> (/Users/mac/Documents/www/K8sPipeline/App/src/repositories/pipeline.repository.ts:198:12)
    at Socket.emit (node:events:525:35)
    at Socket.emit (node:domain:489:12)
    at addChunk (node:internal/streams/readable:324:12)
    at readableAddChunk (node:internal/streams/readable:293:11)
    at Socket.Readable.push (node:internal/streams/readable:234:10)
    at Pipe.onStreamRead (node:internal/stream_base_commons:190:23)
2023-02-28 14:15:04 error: uncaughtException: this.updatePipelineBuild is not a function
TypeError: this.updatePipelineBuild is not a function
    at Socket.<anonymous> (/Users/mac/Documents/www/K8sPipeline/App/src/repositories/pipeline.repository.ts:198:12)
    at Socket.emit (node:events:525:35)
    at Socket.emit (node:domain:489:12)
    at addChunk (node:internal/streams/readable:324:12)
    at readableAddChunk (node:internal/streams/readable:293:11)
    at Socket.Readable.push (node:internal/streams/readable:234:10)
    at Pipe.onStreamRead (node:internal/stream_base_commons:190:23)
2023-02-28 14:15:04 error: uncaughtException: this.updatePipelineBuild is not a function
TypeError: this.updatePipelineBuild is not a function
    at Socket.<anonymous> (/Users/mac/Documents/www/K8sPipeline/App/src/repositories/pipeline.repository.ts:198:12)
    at Socket.emit (node:events:525:35)
    at Socket.emit (node:domain:489:12)
    at addChunk (node:internal/streams/readable:324:12)
    at readableAddChunk (node:internal/streams/readable:293:11)
    at Socket.Readable.push (node:internal/streams/readable:234:10)
    at Pipe.onStreamRead (node:internal/stream_base_commons:190:23)
2023-02-28 14:16:22 error: uncaughtException: this.updatePipelineBuild is not a function
TypeError: this.updatePipelineBuild is not a function
    at Socket.<anonymous> (/Users/mac/Documents/www/K8sPipeline/App/src/repositories/pipeline.repository.ts:198:12)
    at Socket.emit (node:events:525:35)
    at Socket.emit (node:domain:489:12)
    at addChunk (node:internal/streams/readable:324:12)
    at readableAddChunk (node:internal/streams/readable:293:11)
    at Socket.Readable.push (node:internal/streams/readable:234:10)
    at Pipe.onStreamRead (node:internal/stream_base_commons:190:23)
2023-02-28 14:16:22 error: uncaughtException: this.updatePipelineBuild is not a function
TypeError: this.updatePipelineBuild is not a function
    at Socket.<anonymous> (/Users/mac/Documents/www/K8sPipeline/App/src/repositories/pipeline.repository.ts:198:12)
    at Socket.emit (node:events:525:35)
    at Socket.emit (node:domain:489:12)
    at addChunk (node:internal/streams/readable:324:12)
    at readableAddChunk (node:internal/streams/readable:293:11)
    at Socket.Readable.push (node:internal/streams/readable:234:10)
    at Pipe.onStreamRead (node:internal/stream_base_commons:190:23)
2023-02-28 14:16:22 error: uncaughtException: this.updatePipelineBuild is not a function
TypeError: this.updatePipelineBuild is not a function
    at Socket.<anonymous> (/Users/mac/Documents/www/K8sPipeline/App/src/repositories/pipeline.repository.ts:198:12)
    at Socket.emit (node:events:525:35)
    at Socket.emit (node:domain:489:12)
    at addChunk (node:internal/streams/readable:324:12)
    at readableAddChunk (node:internal/streams/readable:293:11)
    at Socket.Readable.push (node:internal/streams/readable:234:10)
    at Pipe.onStreamRead (node:internal/stream_base_commons:190:23)
2023-02-28 14:16:22 error: uncaughtException: this.updatePipelineBuild is not a function
TypeError: this.updatePipelineBuild is not a function
    at Socket.<anonymous> (/Users/mac/Documents/www/K8sPipeline/App/src/repositories/pipeline.repository.ts:198:12)
    at Socket.emit (node:events:525:35)
    at Socket.emit (node:domain:489:12)
    at addChunk (node:internal/streams/readable:324:12)
    at readableAddChunk (node:internal/streams/readable:293:11)
    at Socket.Readable.push (node:internal/streams/readable:234:10)
    at Pipe.onStreamRead (node:internal/stream_base_commons:190:23)
2023-02-28 14:16:23 error: uncaughtException: this.updatePipelineBuild is not a function
TypeError: this.updatePipelineBuild is not a function
    at Socket.<anonymous> (/Users/mac/Documents/www/K8sPipeline/App/src/repositories/pipeline.repository.ts:198:12)
    at Socket.emit (node:events:525:35)
    at Socket.emit (node:domain:489:12)
    at addChunk (node:internal/streams/readable:324:12)
    at readableAddChunk (node:internal/streams/readable:293:11)
    at Socket.Readable.push (node:internal/streams/readable:234:10)
    at Pipe.onStreamRead (node:internal/stream_base_commons:190:23)
2023-02-28 14:16:23 error: uncaughtException: this.updatePipelineBuild is not a function
TypeError: this.updatePipelineBuild is not a function
    at Socket.<anonymous> (/Users/mac/Documents/www/K8sPipeline/App/src/repositories/pipeline.repository.ts:198:12)
    at Socket.emit (node:events:525:35)
    at Socket.emit (node:domain:489:12)
    at addChunk (node:internal/streams/readable:324:12)
    at readableAddChunk (node:internal/streams/readable:293:11)
    at Socket.Readable.push (node:internal/streams/readable:234:10)
    at Pipe.onStreamRead (node:internal/stream_base_commons:190:23)
2023-02-28 14:16:23 error: uncaughtException: this.updatePipelineBuild is not a function
TypeError: this.updatePipelineBuild is not a function
    at Socket.<anonymous> (/Users/mac/Documents/www/K8sPipeline/App/src/repositories/pipeline.repository.ts:198:12)
    at Socket.emit (node:events:525:35)
    at Socket.emit (node:domain:489:12)
    at addChunk (node:internal/streams/readable:324:12)
    at readableAddChunk (node:internal/streams/readable:293:11)
    at Socket.Readable.push (node:internal/streams/readable:234:10)
    at Pipe.onStreamRead (node:internal/stream_base_commons:190:23)
2023-02-28 14:16:24 error: uncaughtException: this.updatePipelineBuild is not a function
TypeError: this.updatePipelineBuild is not a function
    at Socket.<anonymous> (/Users/mac/Documents/www/K8sPipeline/App/src/repositories/pipeline.repository.ts:198:12)
    at Socket.emit (node:events:525:35)
    at Socket.emit (node:domain:489:12)
    at addChunk (node:internal/streams/readable:324:12)
    at readableAddChunk (node:internal/streams/readable:293:11)
    at Socket.Readable.push (node:internal/streams/readable:234:10)
    at Pipe.onStreamRead (node:internal/stream_base_commons:190:23)
2023-02-28 14:16:25 error: uncaughtException: this.updatePipelineBuild is not a function
TypeError: this.updatePipelineBuild is not a function
    at Socket.<anonymous> (/Users/mac/Documents/www/K8sPipeline/App/src/repositories/pipeline.repository.ts:198:12)
    at Socket.emit (node:events:525:35)
    at Socket.emit (node:domain:489:12)
    at addChunk (node:internal/streams/readable:324:12)
    at readableAddChunk (node:internal/streams/readable:293:11)
    at Socket.Readable.push (node:internal/streams/readable:234:10)
    at Pipe.onStreamRead (node:internal/stream_base_commons:190:23)
2023-02-28 14:16:25 error: uncaughtException: this.updatePipelineBuild is not a function
TypeError: this.updatePipelineBuild is not a function
    at Socket.<anonymous> (/Users/mac/Documents/www/K8sPipeline/App/src/repositories/pipeline.repository.ts:198:12)
    at Socket.emit (node:events:525:35)
    at Socket.emit (node:domain:489:12)
    at addChunk (node:internal/streams/readable:324:12)
    at readableAddChunk (node:internal/streams/readable:293:11)
    at Socket.Readable.push (node:internal/streams/readable:234:10)
    at Pipe.onStreamRead (node:internal/stream_base_commons:190:23)
2023-02-28 14:17:39 error: uncaughtException: this.updatePipelineBuild is not a function
TypeError: this.updatePipelineBuild is not a function
    at Socket.<anonymous> (/Users/mac/Documents/www/K8sPipeline/App/src/repositories/pipeline.repository.ts:198:12)
    at Socket.emit (node:events:525:35)
    at Socket.emit (node:domain:489:12)
    at addChunk (node:internal/streams/readable:324:12)
    at readableAddChunk (node:internal/streams/readable:293:11)
    at Socket.Readable.push (node:internal/streams/readable:234:10)
    at Pipe.onStreamRead (node:internal/stream_base_commons:190:23)
2023-02-28 14:17:39 error: uncaughtException: this.updatePipelineBuild is not a function
TypeError: this.updatePipelineBuild is not a function
    at Socket.<anonymous> (/Users/mac/Documents/www/K8sPipeline/App/src/repositories/pipeline.repository.ts:198:12)
    at Socket.emit (node:events:525:35)
    at Socket.emit (node:domain:489:12)
    at addChunk (node:internal/streams/readable:324:12)
    at readableAddChunk (node:internal/streams/readable:293:11)
    at Socket.Readable.push (node:internal/streams/readable:234:10)
    at Pipe.onStreamRead (node:internal/stream_base_commons:190:23)
2023-02-28 14:17:39 error: uncaughtException: this.updatePipelineBuild is not a function
TypeError: this.updatePipelineBuild is not a function
    at Socket.<anonymous> (/Users/mac/Documents/www/K8sPipeline/App/src/repositories/pipeline.repository.ts:198:12)
    at Socket.emit (node:events:525:35)
    at Socket.emit (node:domain:489:12)
    at addChunk (node:internal/streams/readable:324:12)
    at readableAddChunk (node:internal/streams/readable:293:11)
    at Socket.Readable.push (node:internal/streams/readable:234:10)
    at Pipe.onStreamRead (node:internal/stream_base_commons:190:23)
2023-02-28 14:17:39 error: uncaughtException: this.updatePipelineBuild is not a function
TypeError: this.updatePipelineBuild is not a function
    at Socket.<anonymous> (/Users/mac/Documents/www/K8sPipeline/App/src/repositories/pipeline.repository.ts:198:12)
    at Socket.emit (node:events:525:35)
    at Socket.emit (node:domain:489:12)
    at addChunk (node:internal/streams/readable:324:12)
    at readableAddChunk (node:internal/streams/readable:293:11)
    at Socket.Readable.push (node:internal/streams/readable:234:10)
    at Pipe.onStreamRead (node:internal/stream_base_commons:190:23)
2023-02-28 14:17:40 error: uncaughtException: this.updatePipelineBuild is not a function
TypeError: this.updatePipelineBuild is not a function
    at Socket.<anonymous> (/Users/mac/Documents/www/K8sPipeline/App/src/repositories/pipeline.repository.ts:198:12)
    at Socket.emit (node:events:525:35)
    at Socket.emit (node:domain:489:12)
    at addChunk (node:internal/streams/readable:324:12)
    at readableAddChunk (node:internal/streams/readable:293:11)
    at Socket.Readable.push (node:internal/streams/readable:234:10)
    at Pipe.onStreamRead (node:internal/stream_base_commons:190:23)
2023-02-28 14:17:40 error: uncaughtException: this.updatePipelineBuild is not a function
TypeError: this.updatePipelineBuild is not a function
    at Socket.<anonymous> (/Users/mac/Documents/www/K8sPipeline/App/src/repositories/pipeline.repository.ts:198:12)
    at Socket.emit (node:events:525:35)
    at Socket.emit (node:domain:489:12)
    at addChunk (node:internal/streams/readable:324:12)
    at readableAddChunk (node:internal/streams/readable:293:11)
    at Socket.Readable.push (node:internal/streams/readable:234:10)
    at Pipe.onStreamRead (node:internal/stream_base_commons:190:23)
2023-02-28 14:17:41 error: uncaughtException: this.updatePipelineBuild is not a function
TypeError: this.updatePipelineBuild is not a function
    at Socket.<anonymous> (/Users/mac/Documents/www/K8sPipeline/App/src/repositories/pipeline.repository.ts:198:12)
    at Socket.emit (node:events:525:35)
    at Socket.emit (node:domain:489:12)
    at addChunk (node:internal/streams/readable:324:12)
    at readableAddChunk (node:internal/streams/readable:293:11)
    at Socket.Readable.push (node:internal/streams/readable:234:10)
    at Pipe.onStreamRead (node:internal/stream_base_commons:190:23)
2023-02-28 14:17:42 error: uncaughtException: this.updatePipelineBuild is not a function
TypeError: this.updatePipelineBuild is not a function
    at Socket.<anonymous> (/Users/mac/Documents/www/K8sPipeline/App/src/repositories/pipeline.repository.ts:198:12)
    at Socket.emit (node:events:525:35)
    at Socket.emit (node:domain:489:12)
    at addChunk (node:internal/streams/readable:324:12)
    at readableAddChunk (node:internal/streams/readable:293:11)
    at Socket.Readable.push (node:internal/streams/readable:234:10)
    at Pipe.onStreamRead (node:internal/stream_base_commons:190:23)
2023-02-28 14:17:42 error: uncaughtException: this.updatePipelineBuild is not a function
TypeError: this.updatePipelineBuild is not a function
    at Socket.<anonymous> (/Users/mac/Documents/www/K8sPipeline/App/src/repositories/pipeline.repository.ts:198:12)
    at Socket.emit (node:events:525:35)
    at Socket.emit (node:domain:489:12)
    at addChunk (node:internal/streams/readable:324:12)
    at readableAddChunk (node:internal/streams/readable:293:11)
    at Socket.Readable.push (node:internal/streams/readable:234:10)
    at Pipe.onStreamRead (node:internal/stream_base_commons:190:23)
2023-02-28 14:23:29 error: uncaughtException: this.updatePipelineBuild is not a function
TypeError: this.updatePipelineBuild is not a function
    at Socket.<anonymous> (/Users/mac/Documents/www/K8sPipeline/App/src/repositories/pipeline.repository.ts:198:12)
    at Socket.emit (node:events:525:35)
    at Socket.emit (node:domain:489:12)
    at addChunk (node:internal/streams/readable:324:12)
    at readableAddChunk (node:internal/streams/readable:293:11)
    at Socket.Readable.push (node:internal/streams/readable:234:10)
    at Pipe.onStreamRead (node:internal/stream_base_commons:190:23)
2023-02-28 14:23:29 error: uncaughtException: this.updatePipelineBuild is not a function
TypeError: this.updatePipelineBuild is not a function
    at Socket.<anonymous> (/Users/mac/Documents/www/K8sPipeline/App/src/repositories/pipeline.repository.ts:198:12)
    at Socket.emit (node:events:525:35)
    at Socket.emit (node:domain:489:12)
    at addChunk (node:internal/streams/readable:324:12)
    at readableAddChunk (node:internal/streams/readable:293:11)
    at Socket.Readable.push (node:internal/streams/readable:234:10)
    at Pipe.onStreamRead (node:internal/stream_base_commons:190:23)
2023-02-28 14:23:29 error: uncaughtException: this.updatePipelineBuild is not a function
TypeError: this.updatePipelineBuild is not a function
    at Socket.<anonymous> (/Users/mac/Documents/www/K8sPipeline/App/src/repositories/pipeline.repository.ts:198:12)
    at Socket.emit (node:events:525:35)
    at Socket.emit (node:domain:489:12)
    at addChunk (node:internal/streams/readable:324:12)
    at readableAddChunk (node:internal/streams/readable:293:11)
    at Socket.Readable.push (node:internal/streams/readable:234:10)
    at Pipe.onStreamRead (node:internal/stream_base_commons:190:23)
2023-02-28 14:23:30 error: uncaughtException: this.updatePipelineBuild is not a function
TypeError: this.updatePipelineBuild is not a function
    at Socket.<anonymous> (/Users/mac/Documents/www/K8sPipeline/App/src/repositories/pipeline.repository.ts:198:12)
    at Socket.emit (node:events:525:35)
    at Socket.emit (node:domain:489:12)
    at addChunk (node:internal/streams/readable:324:12)
    at readableAddChunk (node:internal/streams/readable:293:11)
    at Socket.Readable.push (node:internal/streams/readable:234:10)
    at Pipe.onStreamRead (node:internal/stream_base_commons:190:23)
2023-02-28 14:23:30 error: uncaughtException: this.updatePipelineBuild is not a function
TypeError: this.updatePipelineBuild is not a function
    at Socket.<anonymous> (/Users/mac/Documents/www/K8sPipeline/App/src/repositories/pipeline.repository.ts:198:12)
    at Socket.emit (node:events:525:35)
    at Socket.emit (node:domain:489:12)
    at addChunk (node:internal/streams/readable:324:12)
    at readableAddChunk (node:internal/streams/readable:293:11)
    at Socket.Readable.push (node:internal/streams/readable:234:10)
    at Pipe.onStreamRead (node:internal/stream_base_commons:190:23)
2023-02-28 15:28:26 error: uncaughtException: this.updatePipelineBuild is not a function
TypeError: this.updatePipelineBuild is not a function
    at Socket.<anonymous> (/Users/mac/Documents/www/K8sPipeline/App/src/repositories/pipeline.repository.ts:199:12)
    at Socket.emit (node:events:525:35)
    at Socket.emit (node:domain:489:12)
    at addChunk (node:internal/streams/readable:324:12)
    at readableAddChunk (node:internal/streams/readable:293:11)
    at Socket.Readable.push (node:internal/streams/readable:234:10)
    at Pipe.onStreamRead (node:internal/stream_base_commons:190:23)
2023-02-28 15:28:26 error: uncaughtException: this.updatePipelineBuild is not a function
TypeError: this.updatePipelineBuild is not a function
    at Socket.<anonymous> (/Users/mac/Documents/www/K8sPipeline/App/src/repositories/pipeline.repository.ts:199:12)
    at Socket.emit (node:events:525:35)
    at Socket.emit (node:domain:489:12)
    at addChunk (node:internal/streams/readable:324:12)
    at readableAddChunk (node:internal/streams/readable:293:11)
    at Socket.Readable.push (node:internal/streams/readable:234:10)
    at Pipe.onStreamRead (node:internal/stream_base_commons:190:23)
2023-02-28 15:28:26 error: uncaughtException: this.updatePipelineBuild is not a function
TypeError: this.updatePipelineBuild is not a function
    at Socket.<anonymous> (/Users/mac/Documents/www/K8sPipeline/App/src/repositories/pipeline.repository.ts:199:12)
    at Socket.emit (node:events:525:35)
    at Socket.emit (node:domain:489:12)
    at addChunk (node:internal/streams/readable:324:12)
    at readableAddChunk (node:internal/streams/readable:293:11)
    at Socket.Readable.push (node:internal/streams/readable:234:10)
    at Pipe.onStreamRead (node:internal/stream_base_commons:190:23)
2023-02-28 15:28:27 error: uncaughtException: this.updatePipelineBuild is not a function
TypeError: this.updatePipelineBuild is not a function
    at Socket.<anonymous> (/Users/mac/Documents/www/K8sPipeline/App/src/repositories/pipeline.repository.ts:199:12)
    at Socket.emit (node:events:525:35)
    at Socket.emit (node:domain:489:12)
    at addChunk (node:internal/streams/readable:324:12)
    at readableAddChunk (node:internal/streams/readable:293:11)
    at Socket.Readable.push (node:internal/streams/readable:234:10)
    at Pipe.onStreamRead (node:internal/stream_base_commons:190:23)
2023-02-28 15:28:28 error: uncaughtException: this.updatePipelineBuild is not a function
TypeError: this.updatePipelineBuild is not a function
    at Socket.<anonymous> (/Users/mac/Documents/www/K8sPipeline/App/src/repositories/pipeline.repository.ts:199:12)
    at Socket.emit (node:events:525:35)
    at Socket.emit (node:domain:489:12)
    at addChunk (node:internal/streams/readable:324:12)
    at readableAddChunk (node:internal/streams/readable:293:11)
    at Socket.Readable.push (node:internal/streams/readable:234:10)
    at Pipe.onStreamRead (node:internal/stream_base_commons:190:23)
2023-02-28 15:28:28 error: uncaughtException: this.updatePipelineBuild is not a function
TypeError: this.updatePipelineBuild is not a function
    at Socket.<anonymous> (/Users/mac/Documents/www/K8sPipeline/App/src/repositories/pipeline.repository.ts:199:12)
    at Socket.emit (node:events:525:35)
    at Socket.emit (node:domain:489:12)
    at addChunk (node:internal/streams/readable:324:12)
    at readableAddChunk (node:internal/streams/readable:293:11)
    at Socket.Readable.push (node:internal/streams/readable:234:10)
    at Pipe.onStreamRead (node:internal/stream_base_commons:190:23)
2023-02-28 15:29:13 error: uncaughtException: this.updatePipelineBuild is not a function
TypeError: this.updatePipelineBuild is not a function
    at Socket.<anonymous> (/Users/mac/Documents/www/K8sPipeline/App/src/repositories/pipeline.repository.ts:199:12)
    at Socket.emit (node:events:525:35)
    at Socket.emit (node:domain:489:12)
    at addChunk (node:internal/streams/readable:324:12)
    at readableAddChunk (node:internal/streams/readable:293:11)
    at Socket.Readable.push (node:internal/streams/readable:234:10)
    at Pipe.onStreamRead (node:internal/stream_base_commons:190:23)
2023-02-28 15:29:13 error: uncaughtException: this.updatePipelineBuild is not a function
TypeError: this.updatePipelineBuild is not a function
    at Socket.<anonymous> (/Users/mac/Documents/www/K8sPipeline/App/src/repositories/pipeline.repository.ts:199:12)
    at Socket.emit (node:events:525:35)
    at Socket.emit (node:domain:489:12)
    at addChunk (node:internal/streams/readable:324:12)
    at readableAddChunk (node:internal/streams/readable:293:11)
    at Socket.Readable.push (node:internal/streams/readable:234:10)
    at Pipe.onStreamRead (node:internal/stream_base_commons:190:23)
2023-02-28 15:29:13 error: uncaughtException: this.updatePipelineBuild is not a function
TypeError: this.updatePipelineBuild is not a function
    at Socket.<anonymous> (/Users/mac/Documents/www/K8sPipeline/App/src/repositories/pipeline.repository.ts:199:12)
    at Socket.emit (node:events:525:35)
    at Socket.emit (node:domain:489:12)
    at addChunk (node:internal/streams/readable:324:12)
    at readableAddChunk (node:internal/streams/readable:293:11)
    at Socket.Readable.push (node:internal/streams/readable:234:10)
    at Pipe.onStreamRead (node:internal/stream_base_commons:190:23)
2023-02-28 15:29:14 error: uncaughtException: this.updatePipelineBuild is not a function
TypeError: this.updatePipelineBuild is not a function
    at Socket.<anonymous> (/Users/mac/Documents/www/K8sPipeline/App/src/repositories/pipeline.repository.ts:199:12)
    at Socket.emit (node:events:525:35)
    at Socket.emit (node:domain:489:12)
    at addChunk (node:internal/streams/readable:324:12)
    at readableAddChunk (node:internal/streams/readable:293:11)
    at Socket.Readable.push (node:internal/streams/readable:234:10)
    at Pipe.onStreamRead (node:internal/stream_base_commons:190:23)
2023-02-28 15:29:14 error: uncaughtException: this.updatePipelineBuild is not a function
TypeError: this.updatePipelineBuild is not a function
    at Socket.<anonymous> (/Users/mac/Documents/www/K8sPipeline/App/src/repositories/pipeline.repository.ts:199:12)
    at Socket.emit (node:events:525:35)
    at Socket.emit (node:domain:489:12)
    at addChunk (node:internal/streams/readable:324:12)
    at readableAddChunk (node:internal/streams/readable:293:11)
    at Socket.Readable.push (node:internal/streams/readable:234:10)
    at Pipe.onStreamRead (node:internal/stream_base_commons:190:23)
2023-02-28 15:29:14 error: uncaughtException: this.updatePipelineBuild is not a function
TypeError: this.updatePipelineBuild is not a function
    at Socket.<anonymous> (/Users/mac/Documents/www/K8sPipeline/App/src/repositories/pipeline.repository.ts:199:12)
    at Socket.emit (node:events:525:35)
    at Socket.emit (node:domain:489:12)
    at addChunk (node:internal/streams/readable:324:12)
    at readableAddChunk (node:internal/streams/readable:293:11)
    at Socket.Readable.push (node:internal/streams/readable:234:10)
    at Pipe.onStreamRead (node:internal/stream_base_commons:190:23)
2023-02-28 15:29:14 error: uncaughtException: this.updatePipelineBuild is not a function
TypeError: this.updatePipelineBuild is not a function
    at Socket.<anonymous> (/Users/mac/Documents/www/K8sPipeline/App/src/repositories/pipeline.repository.ts:199:12)
    at Socket.emit (node:events:525:35)
    at Socket.emit (node:domain:489:12)
    at addChunk (node:internal/streams/readable:324:12)
    at readableAddChunk (node:internal/streams/readable:293:11)
    at Socket.Readable.push (node:internal/streams/readable:234:10)
    at Pipe.onStreamRead (node:internal/stream_base_commons:190:23)
2023-02-28 15:29:14 error: uncaughtException: this.updatePipelineBuild is not a function
TypeError: this.updatePipelineBuild is not a function
    at Socket.<anonymous> (/Users/mac/Documents/www/K8sPipeline/App/src/repositories/pipeline.repository.ts:199:12)
    at Socket.emit (node:events:525:35)
    at Socket.emit (node:domain:489:12)
    at addChunk (node:internal/streams/readable:324:12)
    at readableAddChunk (node:internal/streams/readable:293:11)
    at Socket.Readable.push (node:internal/streams/readable:234:10)
    at Pipe.onStreamRead (node:internal/stream_base_commons:190:23)
2023-02-28 15:29:14 error: uncaughtException: this.updatePipelineBuild is not a function
TypeError: this.updatePipelineBuild is not a function
    at Socket.<anonymous> (/Users/mac/Documents/www/K8sPipeline/App/src/repositories/pipeline.repository.ts:199:12)
    at Socket.emit (node:events:525:35)
    at Socket.emit (node:domain:489:12)
    at addChunk (node:internal/streams/readable:324:12)
    at readableAddChunk (node:internal/streams/readable:293:11)
    at Socket.Readable.push (node:internal/streams/readable:234:10)
    at Pipe.onStreamRead (node:internal/stream_base_commons:190:23)
2023-02-28 15:29:15 error: uncaughtException: this.updatePipelineBuild is not a function
TypeError: this.updatePipelineBuild is not a function
    at Socket.<anonymous> (/Users/mac/Documents/www/K8sPipeline/App/src/repositories/pipeline.repository.ts:199:12)
    at Socket.emit (node:events:525:35)
    at Socket.emit (node:domain:489:12)
    at addChunk (node:internal/streams/readable:324:12)
    at readableAddChunk (node:internal/streams/readable:293:11)
    at Socket.Readable.push (node:internal/streams/readable:234:10)
    at Pipe.onStreamRead (node:internal/stream_base_commons:190:23)
2023-02-28 15:29:15 error: uncaughtException: this.updatePipelineBuild is not a function
TypeError: this.updatePipelineBuild is not a function
    at Socket.<anonymous> (/Users/mac/Documents/www/K8sPipeline/App/src/repositories/pipeline.repository.ts:199:12)
    at Socket.emit (node:events:525:35)
    at Socket.emit (node:domain:489:12)
    at addChunk (node:internal/streams/readable:324:12)
    at readableAddChunk (node:internal/streams/readable:293:11)
    at Socket.Readable.push (node:internal/streams/readable:234:10)
    at Pipe.onStreamRead (node:internal/stream_base_commons:190:23)
2023-02-28 15:29:15 error: uncaughtException: this.updatePipelineBuild is not a function
TypeError: this.updatePipelineBuild is not a function
    at Socket.<anonymous> (/Users/mac/Documents/www/K8sPipeline/App/src/repositories/pipeline.repository.ts:199:12)
    at Socket.emit (node:events:525:35)
    at Socket.emit (node:domain:489:12)
    at addChunk (node:internal/streams/readable:324:12)
    at readableAddChunk (node:internal/streams/readable:293:11)
    at Socket.Readable.push (node:internal/streams/readable:234:10)
    at Pipe.onStreamRead (node:internal/stream_base_commons:190:23)
2023-02-28 15:32:22 error: uncaughtException: this.updatePipelineBuild is not a function
TypeError: this.updatePipelineBuild is not a function
    at Socket.<anonymous> (/Users/mac/Documents/www/K8sPipeline/App/src/repositories/pipeline.repository.ts:199:12)
    at Socket.emit (node:events:525:35)
    at Socket.emit (node:domain:489:12)
    at addChunk (node:internal/streams/readable:324:12)
    at readableAddChunk (node:internal/streams/readable:293:11)
    at Socket.Readable.push (node:internal/streams/readable:234:10)
    at Pipe.onStreamRead (node:internal/stream_base_commons:190:23)
2023-02-28 15:32:23 error: uncaughtException: this.updatePipelineBuild is not a function
TypeError: this.updatePipelineBuild is not a function
    at Socket.<anonymous> (/Users/mac/Documents/www/K8sPipeline/App/src/repositories/pipeline.repository.ts:199:12)
    at Socket.emit (node:events:525:35)
    at Socket.emit (node:domain:489:12)
    at addChunk (node:internal/streams/readable:324:12)
    at readableAddChunk (node:internal/streams/readable:293:11)
    at Socket.Readable.push (node:internal/streams/readable:234:10)
    at Pipe.onStreamRead (node:internal/stream_base_commons:190:23)
2023-02-28 15:32:23 error: uncaughtException: this.updatePipelineBuild is not a function
TypeError: this.updatePipelineBuild is not a function
    at Socket.<anonymous> (/Users/mac/Documents/www/K8sPipeline/App/src/repositories/pipeline.repository.ts:199:12)
    at Socket.emit (node:events:525:35)
    at Socket.emit (node:domain:489:12)
    at addChunk (node:internal/streams/readable:324:12)
    at readableAddChunk (node:internal/streams/readable:293:11)
    at Socket.Readable.push (node:internal/streams/readable:234:10)
    at Pipe.onStreamRead (node:internal/stream_base_commons:190:23)
2023-02-28 15:32:24 error: uncaughtException: this.updatePipelineBuild is not a function
TypeError: this.updatePipelineBuild is not a function
    at Socket.<anonymous> (/Users/mac/Documents/www/K8sPipeline/App/src/repositories/pipeline.repository.ts:199:12)
    at Socket.emit (node:events:525:35)
    at Socket.emit (node:domain:489:12)
    at addChunk (node:internal/streams/readable:324:12)
    at readableAddChunk (node:internal/streams/readable:293:11)
    at Socket.Readable.push (node:internal/streams/readable:234:10)
    at Pipe.onStreamRead (node:internal/stream_base_commons:190:23)
2023-02-28 15:32:24 error: uncaughtException: this.updatePipelineBuild is not a function
TypeError: this.updatePipelineBuild is not a function
    at Socket.<anonymous> (/Users/mac/Documents/www/K8sPipeline/App/src/repositories/pipeline.repository.ts:199:12)
    at Socket.emit (node:events:525:35)
    at Socket.emit (node:domain:489:12)
    at addChunk (node:internal/streams/readable:324:12)
    at readableAddChunk (node:internal/streams/readable:293:11)
    at Socket.Readable.push (node:internal/streams/readable:234:10)
    at Pipe.onStreamRead (node:internal/stream_base_commons:190:23)
2023-02-28 15:41:10 error: uncaughtException:  Unable to compile TypeScript:
[96msrc/repositories/pipeline.repository.ts[0m:[93m205[0m:[93m6[0m - [91merror[0m[90m TS1005: [0m';' expected.

[7m205[0m     });
[7m   [0m [91m     ~[0m
[96msrc/repositories/pipeline.repository.ts[0m:[93m208[0m:[93m3[0m - [91merror[0m[90m TS1128: [0mDeclaration or statement expected.

[7m208[0m   public createPipelineBuild = async (pipelineBuild: PipelineBuild, pipeline: PipelineEntity) => {
[7m   [0m [91m  ~~~~~~[0m
[96msrc/repositories/pipeline.repository.ts[0m:[93m217[0m:[93m3[0m - [91merror[0m[90m TS1128: [0mDeclaration or statement expected.

[7m217[0m   public getTemplateVariables = async (lang: string) => {
[7m   [0m [91m  ~~~~~~[0m
[96msrc/repositories/pipeline.repository.ts[0m:[93m228[0m:[93m3[0m - [91merror[0m[90m TS1128: [0mDeclaration or statement expected.

[7m228[0m   public setupServiceTemplate = (repoSlug: string, lang: string, branches: string[]) => {
[7m   [0m [91m  ~~~~~~[0m
[96msrc/repositories/pipeline.repository.ts[0m:[93m247[0m:[93m3[0m - [91merror[0m[90m TS1128: [0mDeclaration or statement expected.

[7m247[0m   public createServicePipeline = async (createPipelineData: CreatePipelineDto) => {
[7m   [0m [91m  ~~~~~~[0m
[96msrc/repositories/pipeline.repository.ts[0m:[93m305[0m:[93m3[0m - [91merror[0m[90m TS1128: [0mDeclaration or statement expected.

[7m305[0m   public getPipelines = async () => {
[7m   [0m [91m  ~~~~~~[0m
[96msrc/repositories/pipeline.repository.ts[0m:[93m313[0m:[93m3[0m - [91merror[0m[90m TS1128: [0mDeclaration or statement expected.

[7m313[0m   public getPipeline = async (pipelineUuid: string) => {
[7m   [0m [91m  ~~~~~~[0m
[96msrc/repositories/pipeline.repository.ts[0m:[93m328[0m:[93m3[0m - [91merror[0m[90m TS1128: [0mDeclaration or statement expected.

[7m328[0m   public getPipelineBuild = async (buildUuid: string) => {
[7m   [0m [91m  ~~~~~~[0m
[96msrc/repositories/pipeline.repository.ts[0m:[93m337[0m:[93m3[0m - [91merror[0m[90m TS1128: [0mDeclaration or statement expected.

[7m337[0m   public getPipelineBySlug = async (repoId: string, branch: string) => {
[7m   [0m [91m  ~~~~~~[0m
[96msrc/repositories/pipeline.repository.ts[0m:[93m363[0m:[93m3[0m - [91merror[0m[90m TS1128: [0mDeclaration or statement expected.

[7m363[0m   public updatePipelineSetting = async (settingUuid: string, configToUse: string, serviceConfig: string) => {
[7m   [0m [91m  ~~~~~~[0m
[96msrc/repositories/pipeline.repository.ts[0m:[93m378[0m:[93m1[0m - [91merror[0m[90m TS1128: [0mDeclaration or statement expected.

[7m378[0m }
[7m   [0m [91m~[0m

TSError:  Unable to compile TypeScript:
[96msrc/repositories/pipeline.repository.ts[0m:[93m205[0m:[93m6[0m - [91merror[0m[90m TS1005: [0m';' expected.

[7m205[0m     });
[7m   [0m [91m     ~[0m
[96msrc/repositories/pipeline.repository.ts[0m:[93m208[0m:[93m3[0m - [91merror[0m[90m TS1128: [0mDeclaration or statement expected.

[7m208[0m   public createPipelineBuild = async (pipelineBuild: PipelineBuild, pipeline: PipelineEntity) => {
[7m   [0m [91m  ~~~~~~[0m
[96msrc/repositories/pipeline.repository.ts[0m:[93m217[0m:[93m3[0m - [91merror[0m[90m TS1128: [0mDeclaration or statement expected.

[7m217[0m   public getTemplateVariables = async (lang: string) => {
[7m   [0m [91m  ~~~~~~[0m
[96msrc/repositories/pipeline.repository.ts[0m:[93m228[0m:[93m3[0m - [91merror[0m[90m TS1128: [0mDeclaration or statement expected.

[7m228[0m   public setupServiceTemplate = (repoSlug: string, lang: string, branches: string[]) => {
[7m   [0m [91m  ~~~~~~[0m
[96msrc/repositories/pipeline.repository.ts[0m:[93m247[0m:[93m3[0m - [91merror[0m[90m TS1128: [0mDeclaration or statement expected.

[7m247[0m   public createServicePipeline = async (createPipelineData: CreatePipelineDto) => {
[7m   [0m [91m  ~~~~~~[0m
[96msrc/repositories/pipeline.repository.ts[0m:[93m305[0m:[93m3[0m - [91merror[0m[90m TS1128: [0mDeclaration or statement expected.

[7m305[0m   public getPipelines = async () => {
[7m   [0m [91m  ~~~~~~[0m
[96msrc/repositories/pipeline.repository.ts[0m:[93m313[0m:[93m3[0m - [91merror[0m[90m TS1128: [0mDeclaration or statement expected.

[7m313[0m   public getPipeline = async (pipelineUuid: string) => {
[7m   [0m [91m  ~~~~~~[0m
[96msrc/repositories/pipeline.repository.ts[0m:[93m328[0m:[93m3[0m - [91merror[0m[90m TS1128: [0mDeclaration or statement expected.

[7m328[0m   public getPipelineBuild = async (buildUuid: string) => {
[7m   [0m [91m  ~~~~~~[0m
[96msrc/repositories/pipeline.repository.ts[0m:[93m337[0m:[93m3[0m - [91merror[0m[90m TS1128: [0mDeclaration or statement expected.

[7m337[0m   public getPipelineBySlug = async (repoId: string, branch: string) => {
[7m   [0m [91m  ~~~~~~[0m
[96msrc/repositories/pipeline.repository.ts[0m:[93m363[0m:[93m3[0m - [91merror[0m[90m TS1128: [0mDeclaration or statement expected.

[7m363[0m   public updatePipelineSetting = async (settingUuid: string, configToUse: string, serviceConfig: string) => {
[7m   [0m [91m  ~~~~~~[0m
[96msrc/repositories/pipeline.repository.ts[0m:[93m378[0m:[93m1[0m - [91merror[0m[90m TS1128: [0mDeclaration or statement expected.

[7m378[0m }
[7m   [0m [91m~[0m

    at createTSError (/Users/mac/Documents/www/K8sPipeline/App/node_modules/ts-node/src/index.ts:859:12)
    at reportTSError (/Users/mac/Documents/www/K8sPipeline/App/node_modules/ts-node/src/index.ts:863:19)
    at /Users/mac/Documents/www/K8sPipeline/App/node_modules/ts-node/src/index.ts:1379:34
    at Object.compile (/Users/mac/Documents/www/K8sPipeline/App/node_modules/ts-node/src/index.ts:1458:13)
    at Module.m._compile (/Users/mac/Documents/www/K8sPipeline/App/node_modules/ts-node/src/index.ts:1617:30)
    at Module._extensions..js (node:internal/modules/cjs/loader:1213:10)
    at Object.require.extensions.<computed> [as .ts] (/Users/mac/Documents/www/K8sPipeline/App/node_modules/ts-node/src/index.ts:1621:12)
    at Module.load (node:internal/modules/cjs/loader:1037:32)
    at Function.Module._load (node:internal/modules/cjs/loader:878:12)
    at Module.require (node:internal/modules/cjs/loader:1061:19)
2023-02-28 15:43:05 error: uncaughtException: this.updatePipelineBuild is not a function
TypeError: this.updatePipelineBuild is not a function
    at Socket.<anonymous> (/Users/mac/Documents/www/K8sPipeline/App/src/repositories/pipeline.repository.ts:201:12)
    at Socket.emit (node:events:525:35)
    at Socket.emit (node:domain:489:12)
    at addChunk (node:internal/streams/readable:324:12)
    at readableAddChunk (node:internal/streams/readable:293:11)
    at Socket.Readable.push (node:internal/streams/readable:234:10)
    at Pipe.onStreamRead (node:internal/stream_base_commons:190:23)
2023-02-28 15:43:05 error: uncaughtException: this.updatePipelineBuild is not a function
TypeError: this.updatePipelineBuild is not a function
    at Socket.<anonymous> (/Users/mac/Documents/www/K8sPipeline/App/src/repositories/pipeline.repository.ts:201:12)
    at Socket.emit (node:events:525:35)
    at Socket.emit (node:domain:489:12)
    at addChunk (node:internal/streams/readable:324:12)
    at readableAddChunk (node:internal/streams/readable:293:11)
    at Socket.Readable.push (node:internal/streams/readable:234:10)
    at Pipe.onStreamRead (node:internal/stream_base_commons:190:23)
2023-02-28 15:43:05 error: uncaughtException: this.updatePipelineBuild is not a function
TypeError: this.updatePipelineBuild is not a function
    at Socket.<anonymous> (/Users/mac/Documents/www/K8sPipeline/App/src/repositories/pipeline.repository.ts:201:12)
    at Socket.emit (node:events:525:35)
    at Socket.emit (node:domain:489:12)
    at addChunk (node:internal/streams/readable:324:12)
    at readableAddChunk (node:internal/streams/readable:293:11)
    at Socket.Readable.push (node:internal/streams/readable:234:10)
    at Pipe.onStreamRead (node:internal/stream_base_commons:190:23)
2023-02-28 15:43:06 error: uncaughtException: this.updatePipelineBuild is not a function
TypeError: this.updatePipelineBuild is not a function
    at Socket.<anonymous> (/Users/mac/Documents/www/K8sPipeline/App/src/repositories/pipeline.repository.ts:201:12)
    at Socket.emit (node:events:525:35)
    at Socket.emit (node:domain:489:12)
    at addChunk (node:internal/streams/readable:324:12)
    at readableAddChunk (node:internal/streams/readable:293:11)
    at Socket.Readable.push (node:internal/streams/readable:234:10)
    at Pipe.onStreamRead (node:internal/stream_base_commons:190:23)
2023-02-28 15:43:06 error: uncaughtException: this.updatePipelineBuild is not a function
TypeError: this.updatePipelineBuild is not a function
    at Socket.<anonymous> (/Users/mac/Documents/www/K8sPipeline/App/src/repositories/pipeline.repository.ts:201:12)
    at Socket.emit (node:events:525:35)
    at Socket.emit (node:domain:489:12)
    at addChunk (node:internal/streams/readable:324:12)
    at readableAddChunk (node:internal/streams/readable:293:11)
    at Socket.Readable.push (node:internal/streams/readable:234:10)
    at Pipe.onStreamRead (node:internal/stream_base_commons:190:23)
2023-02-28 15:43:07 error: uncaughtException: this.updatePipelineBuild is not a function
TypeError: this.updatePipelineBuild is not a function
    at Socket.<anonymous> (/Users/mac/Documents/www/K8sPipeline/App/src/repositories/pipeline.repository.ts:201:12)
    at Socket.emit (node:events:525:35)
    at Socket.emit (node:domain:489:12)
    at addChunk (node:internal/streams/readable:324:12)
    at readableAddChunk (node:internal/streams/readable:293:11)
    at Socket.Readable.push (node:internal/streams/readable:234:10)
    at Pipe.onStreamRead (node:internal/stream_base_commons:190:23)
2023-02-28 15:43:08 error: uncaughtException: this.updatePipelineBuild is not a function
TypeError: this.updatePipelineBuild is not a function
    at Socket.<anonymous> (/Users/mac/Documents/www/K8sPipeline/App/src/repositories/pipeline.repository.ts:201:12)
    at Socket.emit (node:events:525:35)
    at Socket.emit (node:domain:489:12)
    at addChunk (node:internal/streams/readable:324:12)
    at readableAddChunk (node:internal/streams/readable:293:11)
    at Socket.Readable.push (node:internal/streams/readable:234:10)
    at Pipe.onStreamRead (node:internal/stream_base_commons:190:23)
2023-02-28 15:43:08 error: uncaughtException: this.updatePipelineBuild is not a function
TypeError: this.updatePipelineBuild is not a function
    at Socket.<anonymous> (/Users/mac/Documents/www/K8sPipeline/App/src/repositories/pipeline.repository.ts:201:12)
    at Socket.emit (node:events:525:35)
    at Socket.emit (node:domain:489:12)
    at addChunk (node:internal/streams/readable:324:12)
    at readableAddChunk (node:internal/streams/readable:293:11)
    at Socket.Readable.push (node:internal/streams/readable:234:10)
    at Pipe.onStreamRead (node:internal/stream_base_commons:190:23)
2023-02-28 15:51:51 error: uncaughtException: this.updatePipelineBuild is not a function
TypeError: this.updatePipelineBuild is not a function
    at Socket.<anonymous> (/Users/mac/Documents/www/K8sPipeline/App/src/repositories/pipeline.repository.ts:201:12)
    at Socket.emit (node:events:525:35)
    at Socket.emit (node:domain:489:12)
    at addChunk (node:internal/streams/readable:324:12)
    at readableAddChunk (node:internal/streams/readable:293:11)
    at Socket.Readable.push (node:internal/streams/readable:234:10)
    at Pipe.onStreamRead (node:internal/stream_base_commons:190:23)
2023-02-28 15:51:51 error: uncaughtException: this.updatePipelineBuild is not a function
TypeError: this.updatePipelineBuild is not a function
    at Socket.<anonymous> (/Users/mac/Documents/www/K8sPipeline/App/src/repositories/pipeline.repository.ts:201:12)
    at Socket.emit (node:events:525:35)
    at Socket.emit (node:domain:489:12)
    at addChunk (node:internal/streams/readable:324:12)
    at readableAddChunk (node:internal/streams/readable:293:11)
    at Socket.Readable.push (node:internal/streams/readable:234:10)
    at Pipe.onStreamRead (node:internal/stream_base_commons:190:23)
2023-02-28 15:51:51 error: uncaughtException: this.updatePipelineBuild is not a function
TypeError: this.updatePipelineBuild is not a function
    at Socket.<anonymous> (/Users/mac/Documents/www/K8sPipeline/App/src/repositories/pipeline.repository.ts:201:12)
    at Socket.emit (node:events:525:35)
    at Socket.emit (node:domain:489:12)
    at addChunk (node:internal/streams/readable:324:12)
    at readableAddChunk (node:internal/streams/readable:293:11)
    at Socket.Readable.push (node:internal/streams/readable:234:10)
    at Pipe.onStreamRead (node:internal/stream_base_commons:190:23)
2023-02-28 15:51:52 error: uncaughtException: this.updatePipelineBuild is not a function
TypeError: this.updatePipelineBuild is not a function
    at Socket.<anonymous> (/Users/mac/Documents/www/K8sPipeline/App/src/repositories/pipeline.repository.ts:201:12)
    at Socket.emit (node:events:525:35)
    at Socket.emit (node:domain:489:12)
    at addChunk (node:internal/streams/readable:324:12)
    at readableAddChunk (node:internal/streams/readable:293:11)
    at Socket.Readable.push (node:internal/streams/readable:234:10)
    at Pipe.onStreamRead (node:internal/stream_base_commons:190:23)
2023-02-28 15:51:52 error: uncaughtException: this.updatePipelineBuild is not a function
TypeError: this.updatePipelineBuild is not a function
    at Socket.<anonymous> (/Users/mac/Documents/www/K8sPipeline/App/src/repositories/pipeline.repository.ts:201:12)
    at Socket.emit (node:events:525:35)
    at Socket.emit (node:domain:489:12)
    at addChunk (node:internal/streams/readable:324:12)
    at readableAddChunk (node:internal/streams/readable:293:11)
    at Socket.Readable.push (node:internal/streams/readable:234:10)
    at Pipe.onStreamRead (node:internal/stream_base_commons:190:23)
2023-02-28 15:51:52 error: uncaughtException: this.updatePipelineBuild is not a function
TypeError: this.updatePipelineBuild is not a function
    at Socket.<anonymous> (/Users/mac/Documents/www/K8sPipeline/App/src/repositories/pipeline.repository.ts:201:12)
    at Socket.emit (node:events:525:35)
    at Socket.emit (node:domain:489:12)
    at addChunk (node:internal/streams/readable:324:12)
    at readableAddChunk (node:internal/streams/readable:293:11)
    at Socket.Readable.push (node:internal/streams/readable:234:10)
    at Pipe.onStreamRead (node:internal/stream_base_commons:190:23)
2023-02-28 15:51:53 error: uncaughtException: this.updatePipelineBuild is not a function
TypeError: this.updatePipelineBuild is not a function
    at Socket.<anonymous> (/Users/mac/Documents/www/K8sPipeline/App/src/repositories/pipeline.repository.ts:201:12)
    at Socket.emit (node:events:525:35)
    at Socket.emit (node:domain:489:12)
    at addChunk (node:internal/streams/readable:324:12)
    at readableAddChunk (node:internal/streams/readable:293:11)
    at Socket.Readable.push (node:internal/streams/readable:234:10)
    at Pipe.onStreamRead (node:internal/stream_base_commons:190:23)
2023-02-28 15:51:54 error: uncaughtException: this.updatePipelineBuild is not a function
TypeError: this.updatePipelineBuild is not a function
    at Socket.<anonymous> (/Users/mac/Documents/www/K8sPipeline/App/src/repositories/pipeline.repository.ts:201:12)
    at Socket.emit (node:events:525:35)
    at Socket.emit (node:domain:489:12)
    at addChunk (node:internal/streams/readable:324:12)
    at readableAddChunk (node:internal/streams/readable:293:11)
    at Socket.Readable.push (node:internal/streams/readable:234:10)
    at Pipe.onStreamRead (node:internal/stream_base_commons:190:23)
2023-02-28 15:51:54 error: uncaughtException: this.updatePipelineBuild is not a function
TypeError: this.updatePipelineBuild is not a function
    at Socket.<anonymous> (/Users/mac/Documents/www/K8sPipeline/App/src/repositories/pipeline.repository.ts:201:12)
    at Socket.emit (node:events:525:35)
    at Socket.emit (node:domain:489:12)
    at addChunk (node:internal/streams/readable:324:12)
    at readableAddChunk (node:internal/streams/readable:293:11)
    at Socket.Readable.push (node:internal/streams/readable:234:10)
    at Pipe.onStreamRead (node:internal/stream_base_commons:190:23)
2023-02-28 15:51:54 error: uncaughtException: this.updatePipelineBuild is not a function
TypeError: this.updatePipelineBuild is not a function
    at Socket.<anonymous> (/Users/mac/Documents/www/K8sPipeline/App/src/repositories/pipeline.repository.ts:201:12)
    at Socket.emit (node:events:525:35)
    at Socket.emit (node:domain:489:12)
    at addChunk (node:internal/streams/readable:324:12)
    at readableAddChunk (node:internal/streams/readable:293:11)
    at Socket.Readable.push (node:internal/streams/readable:234:10)
    at Pipe.onStreamRead (node:internal/stream_base_commons:190:23)
2023-02-28 15:51:54 error: uncaughtException: this.updatePipelineBuild is not a function
TypeError: this.updatePipelineBuild is not a function
    at Socket.<anonymous> (/Users/mac/Documents/www/K8sPipeline/App/src/repositories/pipeline.repository.ts:201:12)
    at Socket.emit (node:events:525:35)
    at Socket.emit (node:domain:489:12)
    at addChunk (node:internal/streams/readable:324:12)
    at readableAddChunk (node:internal/streams/readable:293:11)
    at Socket.Readable.push (node:internal/streams/readable:234:10)
    at Pipe.onStreamRead (node:internal/stream_base_commons:190:23)
2023-02-28 15:51:54 error: uncaughtException: this.updatePipelineBuild is not a function
TypeError: this.updatePipelineBuild is not a function
    at Socket.<anonymous> (/Users/mac/Documents/www/K8sPipeline/App/src/repositories/pipeline.repository.ts:201:12)
    at Socket.emit (node:events:525:35)
    at Socket.emit (node:domain:489:12)
    at addChunk (node:internal/streams/readable:324:12)
    at readableAddChunk (node:internal/streams/readable:293:11)
    at Socket.Readable.push (node:internal/streams/readable:234:10)
    at Pipe.onStreamRead (node:internal/stream_base_commons:190:23)
2023-02-28 15:51:54 error: uncaughtException: this.updatePipelineBuild is not a function
TypeError: this.updatePipelineBuild is not a function
    at Socket.<anonymous> (/Users/mac/Documents/www/K8sPipeline/App/src/repositories/pipeline.repository.ts:201:12)
    at Socket.emit (node:events:525:35)
    at Socket.emit (node:domain:489:12)
    at addChunk (node:internal/streams/readable:324:12)
    at readableAddChunk (node:internal/streams/readable:293:11)
    at Socket.Readable.push (node:internal/streams/readable:234:10)
    at Pipe.onStreamRead (node:internal/stream_base_commons:190:23)
2023-02-28 15:53:08 error: uncaughtException: this.updatePipelineBuild is not a function
TypeError: this.updatePipelineBuild is not a function
    at Socket.<anonymous> (/Users/mac/Documents/www/K8sPipeline/App/src/repositories/pipeline.repository.ts:201:18)
    at Socket.emit (node:events:525:35)
    at Socket.emit (node:domain:489:12)
    at addChunk (node:internal/streams/readable:324:12)
    at readableAddChunk (node:internal/streams/readable:293:11)
    at Socket.Readable.push (node:internal/streams/readable:234:10)
    at Pipe.onStreamRead (node:internal/stream_base_commons:190:23)
2023-02-28 15:53:08 error: uncaughtException: this.updatePipelineBuild is not a function
TypeError: this.updatePipelineBuild is not a function
    at Socket.<anonymous> (/Users/mac/Documents/www/K8sPipeline/App/src/repositories/pipeline.repository.ts:201:18)
    at Socket.emit (node:events:525:35)
    at Socket.emit (node:domain:489:12)
    at addChunk (node:internal/streams/readable:324:12)
    at readableAddChunk (node:internal/streams/readable:293:11)
    at Socket.Readable.push (node:internal/streams/readable:234:10)
    at Pipe.onStreamRead (node:internal/stream_base_commons:190:23)
2023-02-28 15:53:08 error: uncaughtException: this.updatePipelineBuild is not a function
TypeError: this.updatePipelineBuild is not a function
    at Socket.<anonymous> (/Users/mac/Documents/www/K8sPipeline/App/src/repositories/pipeline.repository.ts:201:18)
    at Socket.emit (node:events:525:35)
    at Socket.emit (node:domain:489:12)
    at addChunk (node:internal/streams/readable:324:12)
    at readableAddChunk (node:internal/streams/readable:293:11)
    at Socket.Readable.push (node:internal/streams/readable:234:10)
    at Pipe.onStreamRead (node:internal/stream_base_commons:190:23)
2023-02-28 15:53:09 error: uncaughtException: this.updatePipelineBuild is not a function
TypeError: this.updatePipelineBuild is not a function
    at Socket.<anonymous> (/Users/mac/Documents/www/K8sPipeline/App/src/repositories/pipeline.repository.ts:201:18)
    at Socket.emit (node:events:525:35)
    at Socket.emit (node:domain:489:12)
    at addChunk (node:internal/streams/readable:324:12)
    at readableAddChunk (node:internal/streams/readable:293:11)
    at Socket.Readable.push (node:internal/streams/readable:234:10)
    at Pipe.onStreamRead (node:internal/stream_base_commons:190:23)
2023-02-28 15:53:09 error: uncaughtException: this.updatePipelineBuild is not a function
TypeError: this.updatePipelineBuild is not a function
    at Socket.<anonymous> (/Users/mac/Documents/www/K8sPipeline/App/src/repositories/pipeline.repository.ts:201:18)
    at Socket.emit (node:events:525:35)
    at Socket.emit (node:domain:489:12)
    at addChunk (node:internal/streams/readable:324:12)
    at readableAddChunk (node:internal/streams/readable:293:11)
    at Socket.Readable.push (node:internal/streams/readable:234:10)
    at Pipe.onStreamRead (node:internal/stream_base_commons:190:23)
2023-02-28 15:54:07 error: uncaughtException: ER_TRUNCATED_WRONG_VALUE_FOR_FIELD: Incorrect string value: '\xF0\x9F\x9A\x80\x1B[...' for column `k8s_pipeline`.`pipeline_build_entity`.`content` at row 13
QueryFailedError: ER_TRUNCATED_WRONG_VALUE_FOR_FIELD: Incorrect string value: '\xF0\x9F\x9A\x80\x1B[...' for column `k8s_pipeline`.`pipeline_build_entity`.`content` at row 13
    at QueryFailedError.TypeORMError [as constructor] (/Users/mac/Documents/www/K8sPipeline/App/node_modules/src/error/TypeORMError.ts:7:9)
    at new QueryFailedError (/Users/mac/Documents/www/K8sPipeline/App/node_modules/src/error/QueryFailedError.ts:9:9)
    at Query.<anonymous> (/Users/mac/Documents/www/K8sPipeline/App/node_modules/typeorm/src/driver/mysql/MysqlQueryRunner.ts:196:37)
    at Query.<anonymous> (/Users/mac/Documents/www/K8sPipeline/App/node_modules/mysql/lib/Connection.js:526:10)
    at Query._callback (/Users/mac/Documents/www/K8sPipeline/App/node_modules/mysql/lib/Connection.js:488:16)
    at Query.Sequence.end (/Users/mac/Documents/www/K8sPipeline/App/node_modules/mysql/lib/protocol/sequences/Sequence.js:83:24)
    at Query.ErrorPacket (/Users/mac/Documents/www/K8sPipeline/App/node_modules/mysql/lib/protocol/sequences/Query.js:92:8)
    at Protocol._parsePacket (/Users/mac/Documents/www/K8sPipeline/App/node_modules/mysql/lib/protocol/Protocol.js:291:23)
    at Parser._parsePacket (/Users/mac/Documents/www/K8sPipeline/App/node_modules/mysql/lib/protocol/Parser.js:433:10)
    at Parser.write (/Users/mac/Documents/www/K8sPipeline/App/node_modules/mysql/lib/protocol/Parser.js:43:10)
2023-02-28 15:54:08 error: uncaughtException: ER_TRUNCATED_WRONG_VALUE_FOR_FIELD: Incorrect string value: '\xF0\x9F\x94\xA7\x1B[...' for column `k8s_pipeline`.`pipeline_build_entity`.`content` at row 13
QueryFailedError: ER_TRUNCATED_WRONG_VALUE_FOR_FIELD: Incorrect string value: '\xF0\x9F\x94\xA7\x1B[...' for column `k8s_pipeline`.`pipeline_build_entity`.`content` at row 13
    at QueryFailedError.TypeORMError [as constructor] (/Users/mac/Documents/www/K8sPipeline/App/node_modules/src/error/TypeORMError.ts:7:9)
    at new QueryFailedError (/Users/mac/Documents/www/K8sPipeline/App/node_modules/src/error/QueryFailedError.ts:9:9)
    at Query.<anonymous> (/Users/mac/Documents/www/K8sPipeline/App/node_modules/typeorm/src/driver/mysql/MysqlQueryRunner.ts:196:37)
    at Query.<anonymous> (/Users/mac/Documents/www/K8sPipeline/App/node_modules/mysql/lib/Connection.js:526:10)
    at Query._callback (/Users/mac/Documents/www/K8sPipeline/App/node_modules/mysql/lib/Connection.js:488:16)
    at Query.Sequence.end (/Users/mac/Documents/www/K8sPipeline/App/node_modules/mysql/lib/protocol/sequences/Sequence.js:83:24)
    at Query.ErrorPacket (/Users/mac/Documents/www/K8sPipeline/App/node_modules/mysql/lib/protocol/sequences/Query.js:92:8)
    at Protocol._parsePacket (/Users/mac/Documents/www/K8sPipeline/App/node_modules/mysql/lib/protocol/Protocol.js:291:23)
    at Parser._parsePacket (/Users/mac/Documents/www/K8sPipeline/App/node_modules/mysql/lib/protocol/Parser.js:433:10)
    at Parser.write (/Users/mac/Documents/www/K8sPipeline/App/node_modules/mysql/lib/protocol/Parser.js:43:10)
2023-02-28 15:55:11 error: uncaughtException: ER_TRUNCATED_WRONG_VALUE_FOR_FIELD: Incorrect string value: '\xF0\x9F\x9A\x80\x1B[...' for column `k8s_pipeline`.`pipeline_build_entity`.`content` at row 14
QueryFailedError: ER_TRUNCATED_WRONG_VALUE_FOR_FIELD: Incorrect string value: '\xF0\x9F\x9A\x80\x1B[...' for column `k8s_pipeline`.`pipeline_build_entity`.`content` at row 14
    at QueryFailedError.TypeORMError [as constructor] (/Users/mac/Documents/www/K8sPipeline/App/node_modules/src/error/TypeORMError.ts:7:9)
    at new QueryFailedError (/Users/mac/Documents/www/K8sPipeline/App/node_modules/src/error/QueryFailedError.ts:9:9)
    at Query.<anonymous> (/Users/mac/Documents/www/K8sPipeline/App/node_modules/typeorm/src/driver/mysql/MysqlQueryRunner.ts:196:37)
    at Query.<anonymous> (/Users/mac/Documents/www/K8sPipeline/App/node_modules/mysql/lib/Connection.js:526:10)
    at Query._callback (/Users/mac/Documents/www/K8sPipeline/App/node_modules/mysql/lib/Connection.js:488:16)
    at Query.Sequence.end (/Users/mac/Documents/www/K8sPipeline/App/node_modules/mysql/lib/protocol/sequences/Sequence.js:83:24)
    at Query.ErrorPacket (/Users/mac/Documents/www/K8sPipeline/App/node_modules/mysql/lib/protocol/sequences/Query.js:92:8)
    at Protocol._parsePacket (/Users/mac/Documents/www/K8sPipeline/App/node_modules/mysql/lib/protocol/Protocol.js:291:23)
    at Parser._parsePacket (/Users/mac/Documents/www/K8sPipeline/App/node_modules/mysql/lib/protocol/Parser.js:433:10)
    at Parser.write (/Users/mac/Documents/www/K8sPipeline/App/node_modules/mysql/lib/protocol/Parser.js:43:10)
2023-02-28 15:55:12 error: uncaughtException: ER_TRUNCATED_WRONG_VALUE_FOR_FIELD: Incorrect string value: '\xF0\x9F\x94\xA7\x1B[...' for column `k8s_pipeline`.`pipeline_build_entity`.`content` at row 14
QueryFailedError: ER_TRUNCATED_WRONG_VALUE_FOR_FIELD: Incorrect string value: '\xF0\x9F\x94\xA7\x1B[...' for column `k8s_pipeline`.`pipeline_build_entity`.`content` at row 14
    at QueryFailedError.TypeORMError [as constructor] (/Users/mac/Documents/www/K8sPipeline/App/node_modules/src/error/TypeORMError.ts:7:9)
    at new QueryFailedError (/Users/mac/Documents/www/K8sPipeline/App/node_modules/src/error/QueryFailedError.ts:9:9)
    at Query.<anonymous> (/Users/mac/Documents/www/K8sPipeline/App/node_modules/typeorm/src/driver/mysql/MysqlQueryRunner.ts:196:37)
    at Query.<anonymous> (/Users/mac/Documents/www/K8sPipeline/App/node_modules/mysql/lib/Connection.js:526:10)
    at Query._callback (/Users/mac/Documents/www/K8sPipeline/App/node_modules/mysql/lib/Connection.js:488:16)
    at Query.Sequence.end (/Users/mac/Documents/www/K8sPipeline/App/node_modules/mysql/lib/protocol/sequences/Sequence.js:83:24)
    at Query.ErrorPacket (/Users/mac/Documents/www/K8sPipeline/App/node_modules/mysql/lib/protocol/sequences/Query.js:92:8)
    at Protocol._parsePacket (/Users/mac/Documents/www/K8sPipeline/App/node_modules/mysql/lib/protocol/Protocol.js:291:23)
    at Parser._parsePacket (/Users/mac/Documents/www/K8sPipeline/App/node_modules/mysql/lib/protocol/Parser.js:433:10)
    at Parser.write (/Users/mac/Documents/www/K8sPipeline/App/node_modules/mysql/lib/protocol/Parser.js:43:10)
2023-02-28 16:08:07 error: uncaughtException: ER_TRUNCATED_WRONG_VALUE_FOR_FIELD: Incorrect string value: '\xF0\x9F\x9A\x80\x1B[...' for column `k8s_pipeline`.`pipeline_build_entity`.`content` at row 17
QueryFailedError: ER_TRUNCATED_WRONG_VALUE_FOR_FIELD: Incorrect string value: '\xF0\x9F\x9A\x80\x1B[...' for column `k8s_pipeline`.`pipeline_build_entity`.`content` at row 17
    at QueryFailedError.TypeORMError [as constructor] (/Users/mac/Documents/www/K8sPipeline/App/node_modules/src/error/TypeORMError.ts:7:9)
    at new QueryFailedError (/Users/mac/Documents/www/K8sPipeline/App/node_modules/src/error/QueryFailedError.ts:9:9)
    at Query.<anonymous> (/Users/mac/Documents/www/K8sPipeline/App/node_modules/typeorm/src/driver/mysql/MysqlQueryRunner.ts:196:37)
    at Query.<anonymous> (/Users/mac/Documents/www/K8sPipeline/App/node_modules/mysql/lib/Connection.js:526:10)
    at Query._callback (/Users/mac/Documents/www/K8sPipeline/App/node_modules/mysql/lib/Connection.js:488:16)
    at Query.Sequence.end (/Users/mac/Documents/www/K8sPipeline/App/node_modules/mysql/lib/protocol/sequences/Sequence.js:83:24)
    at Query.ErrorPacket (/Users/mac/Documents/www/K8sPipeline/App/node_modules/mysql/lib/protocol/sequences/Query.js:92:8)
    at Protocol._parsePacket (/Users/mac/Documents/www/K8sPipeline/App/node_modules/mysql/lib/protocol/Protocol.js:291:23)
    at Parser._parsePacket (/Users/mac/Documents/www/K8sPipeline/App/node_modules/mysql/lib/protocol/Parser.js:433:10)
    at Parser.write (/Users/mac/Documents/www/K8sPipeline/App/node_modules/mysql/lib/protocol/Parser.js:43:10)
2023-02-28 16:08:08 error: uncaughtException: ER_TRUNCATED_WRONG_VALUE_FOR_FIELD: Incorrect string value: '\xF0\x9F\x94\xA7\x1B[...' for column `k8s_pipeline`.`pipeline_build_entity`.`content` at row 17
QueryFailedError: ER_TRUNCATED_WRONG_VALUE_FOR_FIELD: Incorrect string value: '\xF0\x9F\x94\xA7\x1B[...' for column `k8s_pipeline`.`pipeline_build_entity`.`content` at row 17
    at QueryFailedError.TypeORMError [as constructor] (/Users/mac/Documents/www/K8sPipeline/App/node_modules/src/error/TypeORMError.ts:7:9)
    at new QueryFailedError (/Users/mac/Documents/www/K8sPipeline/App/node_modules/src/error/QueryFailedError.ts:9:9)
    at Query.<anonymous> (/Users/mac/Documents/www/K8sPipeline/App/node_modules/typeorm/src/driver/mysql/MysqlQueryRunner.ts:196:37)
    at Query.<anonymous> (/Users/mac/Documents/www/K8sPipeline/App/node_modules/mysql/lib/Connection.js:526:10)
    at Query._callback (/Users/mac/Documents/www/K8sPipeline/App/node_modules/mysql/lib/Connection.js:488:16)
    at Query.Sequence.end (/Users/mac/Documents/www/K8sPipeline/App/node_modules/mysql/lib/protocol/sequences/Sequence.js:83:24)
    at Query.ErrorPacket (/Users/mac/Documents/www/K8sPipeline/App/node_modules/mysql/lib/protocol/sequences/Query.js:92:8)
    at Protocol._parsePacket (/Users/mac/Documents/www/K8sPipeline/App/node_modules/mysql/lib/protocol/Protocol.js:291:23)
    at Parser._parsePacket (/Users/mac/Documents/www/K8sPipeline/App/node_modules/mysql/lib/protocol/Parser.js:433:10)
    at Parser.write (/Users/mac/Documents/www/K8sPipeline/App/node_modules/mysql/lib/protocol/Parser.js:43:10)
2023-02-28 16:24:06 error: uncaughtException: Identifier 'buildData' has already been declared
/Users/mac/Documents/www/K8sPipeline/App/src/repositories/pipeline.repository.ts:110
            const buildData = await pipelineBuild_entity_1.PipelineBuildEntity.findOne({
                  ^

SyntaxError: Identifier 'buildData' has already been declared
    at Object.compileFunction (node:vm:360:18)
    at wrapSafe (node:internal/modules/cjs/loader:1088:15)
    at Module._compile (node:internal/modules/cjs/loader:1123:27)
    at Module.m._compile (/Users/mac/Documents/www/K8sPipeline/App/node_modules/ts-node/src/index.ts:1618:23)
    at Module._extensions..js (node:internal/modules/cjs/loader:1213:10)
    at Object.require.extensions.<computed> [as .ts] (/Users/mac/Documents/www/K8sPipeline/App/node_modules/ts-node/src/index.ts:1621:12)
    at Module.load (node:internal/modules/cjs/loader:1037:32)
    at Function.Module._load (node:internal/modules/cjs/loader:878:12)
    at Module.require (node:internal/modules/cjs/loader:1061:19)
    at require (node:internal/modules/cjs/helpers:103:18)
2023-02-28 16:25:24 error: uncaughtException: ER_TRUNCATED_WRONG_VALUE_FOR_FIELD: Incorrect string value: '\xF0\x9F\x9A\x80\x1B[...' for column `k8s_pipeline`.`pipeline_build_entity`.`content` at row 1
QueryFailedError: ER_TRUNCATED_WRONG_VALUE_FOR_FIELD: Incorrect string value: '\xF0\x9F\x9A\x80\x1B[...' for column `k8s_pipeline`.`pipeline_build_entity`.`content` at row 1
    at Query.<anonymous> (/Users/mac/Documents/www/K8sPipeline/App/node_modules/typeorm/src/driver/mysql/MysqlQueryRunner.ts:222:33)
    at Query.<anonymous> (/Users/mac/Documents/www/K8sPipeline/App/node_modules/mysql/lib/Connection.js:526:10)
    at Query._callback (/Users/mac/Documents/www/K8sPipeline/App/node_modules/mysql/lib/Connection.js:488:16)
    at Query.Sequence.end (/Users/mac/Documents/www/K8sPipeline/App/node_modules/mysql/lib/protocol/sequences/Sequence.js:83:24)
    at Query.ErrorPacket (/Users/mac/Documents/www/K8sPipeline/App/node_modules/mysql/lib/protocol/sequences/Query.js:92:8)
    at Protocol._parsePacket (/Users/mac/Documents/www/K8sPipeline/App/node_modules/mysql/lib/protocol/Protocol.js:291:23)
    at Parser._parsePacket (/Users/mac/Documents/www/K8sPipeline/App/node_modules/mysql/lib/protocol/Parser.js:433:10)
    at Parser.write (/Users/mac/Documents/www/K8sPipeline/App/node_modules/mysql/lib/protocol/Parser.js:43:10)
    at Protocol.write (/Users/mac/Documents/www/K8sPipeline/App/node_modules/mysql/lib/protocol/Protocol.js:38:16)
    at Socket.<anonymous> (/Users/mac/Documents/www/K8sPipeline/App/node_modules/mysql/lib/Connection.js:88:28)
2023-02-28 16:25:25 error: uncaughtException: ER_TRUNCATED_WRONG_VALUE_FOR_FIELD: Incorrect string value: '\xF0\x9F\x94\xA7\x1B[...' for column `k8s_pipeline`.`pipeline_build_entity`.`content` at row 1
QueryFailedError: ER_TRUNCATED_WRONG_VALUE_FOR_FIELD: Incorrect string value: '\xF0\x9F\x94\xA7\x1B[...' for column `k8s_pipeline`.`pipeline_build_entity`.`content` at row 1
    at Query.<anonymous> (/Users/mac/Documents/www/K8sPipeline/App/node_modules/typeorm/src/driver/mysql/MysqlQueryRunner.ts:222:33)
    at Query.<anonymous> (/Users/mac/Documents/www/K8sPipeline/App/node_modules/mysql/lib/Connection.js:526:10)
    at Query._callback (/Users/mac/Documents/www/K8sPipeline/App/node_modules/mysql/lib/Connection.js:488:16)
    at Query.Sequence.end (/Users/mac/Documents/www/K8sPipeline/App/node_modules/mysql/lib/protocol/sequences/Sequence.js:83:24)
    at Query.ErrorPacket (/Users/mac/Documents/www/K8sPipeline/App/node_modules/mysql/lib/protocol/sequences/Query.js:92:8)
    at Protocol._parsePacket (/Users/mac/Documents/www/K8sPipeline/App/node_modules/mysql/lib/protocol/Protocol.js:291:23)
    at Parser._parsePacket (/Users/mac/Documents/www/K8sPipeline/App/node_modules/mysql/lib/protocol/Parser.js:433:10)
    at Parser.write (/Users/mac/Documents/www/K8sPipeline/App/node_modules/mysql/lib/protocol/Parser.js:43:10)
    at Protocol.write (/Users/mac/Documents/www/K8sPipeline/App/node_modules/mysql/lib/protocol/Protocol.js:38:16)
    at Socket.<anonymous> (/Users/mac/Documents/www/K8sPipeline/App/node_modules/mysql/lib/Connection.js:88:28)
2023-02-28 16:26:44 error: uncaughtException: ER_TRUNCATED_WRONG_VALUE_FOR_FIELD: Incorrect string value: '\xF0\x9F\x9A\x80\x1B[...' for column `k8s_pipeline`.`pipeline_build_entity`.`content` at row 1
QueryFailedError: ER_TRUNCATED_WRONG_VALUE_FOR_FIELD: Incorrect string value: '\xF0\x9F\x9A\x80\x1B[...' for column `k8s_pipeline`.`pipeline_build_entity`.`content` at row 1
    at Query.<anonymous> (/Users/mac/Documents/www/K8sPipeline/App/node_modules/typeorm/src/driver/mysql/MysqlQueryRunner.ts:222:33)
    at Query.<anonymous> (/Users/mac/Documents/www/K8sPipeline/App/node_modules/mysql/lib/Connection.js:526:10)
    at Query._callback (/Users/mac/Documents/www/K8sPipeline/App/node_modules/mysql/lib/Connection.js:488:16)
    at Query.Sequence.end (/Users/mac/Documents/www/K8sPipeline/App/node_modules/mysql/lib/protocol/sequences/Sequence.js:83:24)
    at Query.ErrorPacket (/Users/mac/Documents/www/K8sPipeline/App/node_modules/mysql/lib/protocol/sequences/Query.js:92:8)
    at Protocol._parsePacket (/Users/mac/Documents/www/K8sPipeline/App/node_modules/mysql/lib/protocol/Protocol.js:291:23)
    at Parser._parsePacket (/Users/mac/Documents/www/K8sPipeline/App/node_modules/mysql/lib/protocol/Parser.js:433:10)
    at Parser.write (/Users/mac/Documents/www/K8sPipeline/App/node_modules/mysql/lib/protocol/Parser.js:43:10)
    at Protocol.write (/Users/mac/Documents/www/K8sPipeline/App/node_modules/mysql/lib/protocol/Protocol.js:38:16)
    at Socket.<anonymous> (/Users/mac/Documents/www/K8sPipeline/App/node_modules/mysql/lib/Connection.js:88:28)
2023-02-28 16:26:45 error: uncaughtException: ER_TRUNCATED_WRONG_VALUE_FOR_FIELD: Incorrect string value: '\xF0\x9F\x94\xA7\x1B[...' for column `k8s_pipeline`.`pipeline_build_entity`.`content` at row 1
QueryFailedError: ER_TRUNCATED_WRONG_VALUE_FOR_FIELD: Incorrect string value: '\xF0\x9F\x94\xA7\x1B[...' for column `k8s_pipeline`.`pipeline_build_entity`.`content` at row 1
    at Query.<anonymous> (/Users/mac/Documents/www/K8sPipeline/App/node_modules/typeorm/src/driver/mysql/MysqlQueryRunner.ts:222:33)
    at Query.<anonymous> (/Users/mac/Documents/www/K8sPipeline/App/node_modules/mysql/lib/Connection.js:526:10)
    at Query._callback (/Users/mac/Documents/www/K8sPipeline/App/node_modules/mysql/lib/Connection.js:488:16)
    at Query.Sequence.end (/Users/mac/Documents/www/K8sPipeline/App/node_modules/mysql/lib/protocol/sequences/Sequence.js:83:24)
    at Query.ErrorPacket (/Users/mac/Documents/www/K8sPipeline/App/node_modules/mysql/lib/protocol/sequences/Query.js:92:8)
    at Protocol._parsePacket (/Users/mac/Documents/www/K8sPipeline/App/node_modules/mysql/lib/protocol/Protocol.js:291:23)
    at Parser._parsePacket (/Users/mac/Documents/www/K8sPipeline/App/node_modules/mysql/lib/protocol/Parser.js:433:10)
    at Parser.write (/Users/mac/Documents/www/K8sPipeline/App/node_modules/mysql/lib/protocol/Parser.js:43:10)
    at Protocol.write (/Users/mac/Documents/www/K8sPipeline/App/node_modules/mysql/lib/protocol/Protocol.js:38:16)
    at Socket.<anonymous> (/Users/mac/Documents/www/K8sPipeline/App/node_modules/mysql/lib/Connection.js:88:28)
2023-02-28 16:31:06 error: uncaughtException: ER_TRUNCATED_WRONG_VALUE_FOR_FIELD: Incorrect string value: '\xF0\x9F\x9A\x80\x1B[...' for column `k8s_pipeline`.`pipeline_build_entity`.`content` at row 1
QueryFailedError: ER_TRUNCATED_WRONG_VALUE_FOR_FIELD: Incorrect string value: '\xF0\x9F\x9A\x80\x1B[...' for column `k8s_pipeline`.`pipeline_build_entity`.`content` at row 1
    at Query.<anonymous> (/Users/mac/Documents/www/K8sPipeline/App/node_modules/typeorm/src/driver/mysql/MysqlQueryRunner.ts:222:33)
    at Query.<anonymous> (/Users/mac/Documents/www/K8sPipeline/App/node_modules/mysql/lib/Connection.js:526:10)
    at Query._callback (/Users/mac/Documents/www/K8sPipeline/App/node_modules/mysql/lib/Connection.js:488:16)
    at Query.Sequence.end (/Users/mac/Documents/www/K8sPipeline/App/node_modules/mysql/lib/protocol/sequences/Sequence.js:83:24)
    at Query.ErrorPacket (/Users/mac/Documents/www/K8sPipeline/App/node_modules/mysql/lib/protocol/sequences/Query.js:92:8)
    at Protocol._parsePacket (/Users/mac/Documents/www/K8sPipeline/App/node_modules/mysql/lib/protocol/Protocol.js:291:23)
    at Parser._parsePacket (/Users/mac/Documents/www/K8sPipeline/App/node_modules/mysql/lib/protocol/Parser.js:433:10)
    at Parser.write (/Users/mac/Documents/www/K8sPipeline/App/node_modules/mysql/lib/protocol/Parser.js:43:10)
    at Protocol.write (/Users/mac/Documents/www/K8sPipeline/App/node_modules/mysql/lib/protocol/Protocol.js:38:16)
    at Socket.<anonymous> (/Users/mac/Documents/www/K8sPipeline/App/node_modules/mysql/lib/Connection.js:88:28)
2023-02-28 16:31:08 error: uncaughtException: ER_TRUNCATED_WRONG_VALUE_FOR_FIELD: Incorrect string value: '\xF0\x9F\x94\xA7\x1B[...' for column `k8s_pipeline`.`pipeline_build_entity`.`content` at row 1
QueryFailedError: ER_TRUNCATED_WRONG_VALUE_FOR_FIELD: Incorrect string value: '\xF0\x9F\x94\xA7\x1B[...' for column `k8s_pipeline`.`pipeline_build_entity`.`content` at row 1
    at Query.<anonymous> (/Users/mac/Documents/www/K8sPipeline/App/node_modules/typeorm/src/driver/mysql/MysqlQueryRunner.ts:222:33)
    at Query.<anonymous> (/Users/mac/Documents/www/K8sPipeline/App/node_modules/mysql/lib/Connection.js:526:10)
    at Query._callback (/Users/mac/Documents/www/K8sPipeline/App/node_modules/mysql/lib/Connection.js:488:16)
    at Query.Sequence.end (/Users/mac/Documents/www/K8sPipeline/App/node_modules/mysql/lib/protocol/sequences/Sequence.js:83:24)
    at Query.ErrorPacket (/Users/mac/Documents/www/K8sPipeline/App/node_modules/mysql/lib/protocol/sequences/Query.js:92:8)
    at Protocol._parsePacket (/Users/mac/Documents/www/K8sPipeline/App/node_modules/mysql/lib/protocol/Protocol.js:291:23)
    at Parser._parsePacket (/Users/mac/Documents/www/K8sPipeline/App/node_modules/mysql/lib/protocol/Parser.js:433:10)
    at Parser.write (/Users/mac/Documents/www/K8sPipeline/App/node_modules/mysql/lib/protocol/Parser.js:43:10)
    at Protocol.write (/Users/mac/Documents/www/K8sPipeline/App/node_modules/mysql/lib/protocol/Protocol.js:38:16)
    at Socket.<anonymous> (/Users/mac/Documents/www/K8sPipeline/App/node_modules/mysql/lib/Connection.js:88:28)
2023-02-28 16:52:04 error: uncaughtException: await is only valid in async functions and the top level bodies of modules
/Users/mac/Documents/www/K8sPipeline/App/src/repositories/pipeline.repository.ts:115
                await buildRepository.save(buildData);
                ^^^^^

SyntaxError: await is only valid in async functions and the top level bodies of modules
    at Object.compileFunction (node:vm:360:18)
    at wrapSafe (node:internal/modules/cjs/loader:1088:15)
    at Module._compile (node:internal/modules/cjs/loader:1123:27)
    at Module.m._compile (/Users/mac/Documents/www/K8sPipeline/App/node_modules/ts-node/src/index.ts:1618:23)
    at Module._extensions..js (node:internal/modules/cjs/loader:1213:10)
    at Object.require.extensions.<computed> [as .ts] (/Users/mac/Documents/www/K8sPipeline/App/node_modules/ts-node/src/index.ts:1621:12)
    at Module.load (node:internal/modules/cjs/loader:1037:32)
    at Function.Module._load (node:internal/modules/cjs/loader:878:12)
    at Module.require (node:internal/modules/cjs/loader:1061:19)
    at require (node:internal/modules/cjs/helpers:103:18)
2023-02-28 16:52:48 error: uncaughtException: ER_TRUNCATED_WRONG_VALUE_FOR_FIELD: Incorrect string value: '\xF0\x9F\x9A\x80\x1B[...' for column `k8s_pipeline`.`pipeline_build_entity`.`content` at row 1
QueryFailedError: ER_TRUNCATED_WRONG_VALUE_FOR_FIELD: Incorrect string value: '\xF0\x9F\x9A\x80\x1B[...' for column `k8s_pipeline`.`pipeline_build_entity`.`content` at row 1
    at Query.<anonymous> (/Users/mac/Documents/www/K8sPipeline/App/node_modules/typeorm/src/driver/mysql/MysqlQueryRunner.ts:222:33)
    at Query.<anonymous> (/Users/mac/Documents/www/K8sPipeline/App/node_modules/mysql/lib/Connection.js:526:10)
    at Query._callback (/Users/mac/Documents/www/K8sPipeline/App/node_modules/mysql/lib/Connection.js:488:16)
    at Query.Sequence.end (/Users/mac/Documents/www/K8sPipeline/App/node_modules/mysql/lib/protocol/sequences/Sequence.js:83:24)
    at Query.ErrorPacket (/Users/mac/Documents/www/K8sPipeline/App/node_modules/mysql/lib/protocol/sequences/Query.js:92:8)
    at Protocol._parsePacket (/Users/mac/Documents/www/K8sPipeline/App/node_modules/mysql/lib/protocol/Protocol.js:291:23)
    at Parser._parsePacket (/Users/mac/Documents/www/K8sPipeline/App/node_modules/mysql/lib/protocol/Parser.js:433:10)
    at Parser.write (/Users/mac/Documents/www/K8sPipeline/App/node_modules/mysql/lib/protocol/Parser.js:43:10)
    at Protocol.write (/Users/mac/Documents/www/K8sPipeline/App/node_modules/mysql/lib/protocol/Protocol.js:38:16)
    at Socket.<anonymous> (/Users/mac/Documents/www/K8sPipeline/App/node_modules/mysql/lib/Connection.js:88:28)
2023-02-28 17:31:05 error: uncaughtException: await is only valid in async functions and the top level bodies of modules
/Users/mac/Documents/www/K8sPipeline/App/src/repositories/pipeline.repository.ts:169
                    await this.updatePipelineBuild({
                    ^^^^^

SyntaxError: await is only valid in async functions and the top level bodies of modules
    at Object.compileFunction (node:vm:360:18)
    at wrapSafe (node:internal/modules/cjs/loader:1088:15)
    at Module._compile (node:internal/modules/cjs/loader:1123:27)
    at Module.m._compile (/Users/mac/Documents/www/K8sPipeline/App/node_modules/ts-node/src/index.ts:1618:23)
    at Module._extensions..js (node:internal/modules/cjs/loader:1213:10)
    at Object.require.extensions.<computed> [as .ts] (/Users/mac/Documents/www/K8sPipeline/App/node_modules/ts-node/src/index.ts:1621:12)
    at Module.load (node:internal/modules/cjs/loader:1037:32)
    at Function.Module._load (node:internal/modules/cjs/loader:878:12)
    at Module.require (node:internal/modules/cjs/loader:1061:19)
    at require (node:internal/modules/cjs/helpers:103:18)
2023-02-28 17:31:20 error: uncaughtException: ER_TRUNCATED_WRONG_VALUE_FOR_FIELD: Incorrect string value: '\xF0\x9F\x9A\x80\x1B[...' for column `k8s_pipeline`.`pipeline_build_entity`.`content` at row 1
QueryFailedError: ER_TRUNCATED_WRONG_VALUE_FOR_FIELD: Incorrect string value: '\xF0\x9F\x9A\x80\x1B[...' for column `k8s_pipeline`.`pipeline_build_entity`.`content` at row 1
    at Query.<anonymous> (/Users/mac/Documents/www/K8sPipeline/App/node_modules/typeorm/src/driver/mysql/MysqlQueryRunner.ts:222:33)
    at Query.<anonymous> (/Users/mac/Documents/www/K8sPipeline/App/node_modules/mysql/lib/Connection.js:526:10)
    at Query._callback (/Users/mac/Documents/www/K8sPipeline/App/node_modules/mysql/lib/Connection.js:488:16)
    at Query.Sequence.end (/Users/mac/Documents/www/K8sPipeline/App/node_modules/mysql/lib/protocol/sequences/Sequence.js:83:24)
    at Query.ErrorPacket (/Users/mac/Documents/www/K8sPipeline/App/node_modules/mysql/lib/protocol/sequences/Query.js:92:8)
    at Protocol._parsePacket (/Users/mac/Documents/www/K8sPipeline/App/node_modules/mysql/lib/protocol/Protocol.js:291:23)
    at Parser._parsePacket (/Users/mac/Documents/www/K8sPipeline/App/node_modules/mysql/lib/protocol/Parser.js:433:10)
    at Parser.write (/Users/mac/Documents/www/K8sPipeline/App/node_modules/mysql/lib/protocol/Parser.js:43:10)
    at Protocol.write (/Users/mac/Documents/www/K8sPipeline/App/node_modules/mysql/lib/protocol/Protocol.js:38:16)
    at Socket.<anonymous> (/Users/mac/Documents/www/K8sPipeline/App/node_modules/mysql/lib/Connection.js:88:28)
2023-02-28 17:31:22 error: uncaughtException: ER_TRUNCATED_WRONG_VALUE_FOR_FIELD: Incorrect string value: '\xF0\x9F\x94\xA7\x1B[...' for column `k8s_pipeline`.`pipeline_build_entity`.`content` at row 1
QueryFailedError: ER_TRUNCATED_WRONG_VALUE_FOR_FIELD: Incorrect string value: '\xF0\x9F\x94\xA7\x1B[...' for column `k8s_pipeline`.`pipeline_build_entity`.`content` at row 1
    at Query.<anonymous> (/Users/mac/Documents/www/K8sPipeline/App/node_modules/typeorm/src/driver/mysql/MysqlQueryRunner.ts:222:33)
    at Query.<anonymous> (/Users/mac/Documents/www/K8sPipeline/App/node_modules/mysql/lib/Connection.js:526:10)
    at Query._callback (/Users/mac/Documents/www/K8sPipeline/App/node_modules/mysql/lib/Connection.js:488:16)
    at Query.Sequence.end (/Users/mac/Documents/www/K8sPipeline/App/node_modules/mysql/lib/protocol/sequences/Sequence.js:83:24)
    at Query.ErrorPacket (/Users/mac/Documents/www/K8sPipeline/App/node_modules/mysql/lib/protocol/sequences/Query.js:92:8)
    at Protocol._parsePacket (/Users/mac/Documents/www/K8sPipeline/App/node_modules/mysql/lib/protocol/Protocol.js:291:23)
    at Parser._parsePacket (/Users/mac/Documents/www/K8sPipeline/App/node_modules/mysql/lib/protocol/Parser.js:433:10)
    at Parser.write (/Users/mac/Documents/www/K8sPipeline/App/node_modules/mysql/lib/protocol/Parser.js:43:10)
    at Protocol.write (/Users/mac/Documents/www/K8sPipeline/App/node_modules/mysql/lib/protocol/Protocol.js:38:16)
    at Socket.<anonymous> (/Users/mac/Documents/www/K8sPipeline/App/node_modules/mysql/lib/Connection.js:88:28)
2023-02-28 17:57:01 error: [GET] /update-build >> StatusCode:: 400, Message:: Unexpected string in JSON at position 69
2023-02-28 17:57:01 error: [GET] /update-build >> StatusCode:: 400, Message:: Unexpected string in JSON at position 69
2023-02-28 17:57:01 error: [GET] /update-build >> StatusCode:: 400, Message:: Unexpected string in JSON at position 69
2023-02-28 17:57:02 error: [GET] /update-build >> StatusCode:: 400, Message:: Unexpected string in JSON at position 69
2023-02-28 17:57:03 error: [GET] /update-build >> StatusCode:: 400, Message:: Unexpected string in JSON at position 69
2023-02-28 17:57:03 error: [GET] /update-build >> StatusCode:: 400, Message:: Unexpected string in JSON at position 69
2023-02-28 17:57:06 error: [GET] /update-build >> StatusCode:: 400, Message:: Unexpected string in JSON at position 69
2023-02-28 17:57:07 error: [GET] /update-build >> StatusCode:: 400, Message:: Unexpected string in JSON at position 69
2023-02-28 17:57:07 error: [GET] /update-build >> StatusCode:: 400, Message:: Unexpected string in JSON at position 69
2023-02-28 17:57:07 error: [GET] /update-build >> StatusCode:: 400, Message:: Unexpected string in JSON at position 69
2023-02-28 17:57:08 error: [GET] /update-build >> StatusCode:: 400, Message:: Unexpected string in JSON at position 69
2023-02-28 17:57:08 error: [GET] /update-build >> StatusCode:: 400, Message:: Unexpected string in JSON at position 69
2023-02-28 17:57:08 error: [GET] /update-build >> StatusCode:: 400, Message:: Unexpected string in JSON at position 69
2023-02-28 17:57:10 error: [GET] /update-build >> StatusCode:: 400, Message:: Unexpected string in JSON at position 69
2023-02-28 17:57:12 error: [GET] /update-build >> StatusCode:: 400, Message:: Unexpected string in JSON at position 69
2023-02-28 17:57:12 error: [GET] /update-build >> StatusCode:: 400, Message:: Unexpected string in JSON at position 69
2023-02-28 17:57:13 error: [GET] /update-build >> StatusCode:: 400, Message:: Unexpected string in JSON at position 69
2023-02-28 17:57:14 error: [GET] /update-build >> StatusCode:: 400, Message:: Unexpected string in JSON at position 69
2023-02-28 17:57:15 error: [GET] /update-build >> StatusCode:: 400, Message:: Unexpected string in JSON at position 69
2023-02-28 17:57:15 error: [GET] /update-build >> StatusCode:: 400, Message:: Unexpected string in JSON at position 69
2023-02-28 17:57:16 error: [GET] /update-build >> StatusCode:: 400, Message:: Unexpected string in JSON at position 69
2023-02-28 17:57:16 error: [GET] /update-build >> StatusCode:: 400, Message:: Unexpected string in JSON at position 69
2023-02-28 17:57:17 error: [GET] /update-build >> StatusCode:: 400, Message:: Unexpected string in JSON at position 69
2023-02-28 17:57:22 error: [GET] /update-build >> StatusCode:: 400, Message:: Unexpected string in JSON at position 69
2023-02-28 17:57:27 error: [GET] /update-build >> StatusCode:: 400, Message:: Unexpected string in JSON at position 69
2023-02-28 17:57:28 error: [GET] /update-build >> StatusCode:: 400, Message:: Unexpected string in JSON at position 69
2023-02-28 17:57:28 error: [GET] /update-build >> StatusCode:: 400, Message:: Unexpected string in JSON at position 69
2023-02-28 17:57:28 error: [GET] /update-build >> StatusCode:: 400, Message:: Unexpected string in JSON at position 69
2023-02-28 17:57:28 error: [GET] /update-build >> StatusCode:: 400, Message:: Unexpected string in JSON at position 69
2023-02-28 17:57:28 error: [GET] /update-build >> StatusCode:: 400, Message:: Unexpected string in JSON at position 69
2023-02-28 17:57:33 error: [GET] /update-build >> StatusCode:: 400, Message:: Unexpected string in JSON at position 69
2023-02-28 17:57:34 error: [GET] /update-build >> StatusCode:: 400, Message:: Unexpected string in JSON at position 69
2023-02-28 17:57:35 error: [GET] /update-build >> StatusCode:: 400, Message:: Unexpected string in JSON at position 69
2023-02-28 17:57:35 error: [GET] /update-build >> StatusCode:: 400, Message:: Unexpected string in JSON at position 69
2023-02-28 17:57:35 error: [GET] /update-build >> StatusCode:: 400, Message:: Unexpected string in JSON at position 69
2023-02-28 17:57:35 error: [GET] /update-build >> StatusCode:: 400, Message:: Unexpected string in JSON at position 69
2023-02-28 17:57:35 error: [GET] /update-build >> StatusCode:: 400, Message:: Unexpected string in JSON at position 69
2023-02-28 17:57:35 error: [GET] /update-build >> StatusCode:: 400, Message:: Unexpected string in JSON at position 69
2023-02-28 17:57:37 error: [GET] /update-build >> StatusCode:: 400, Message:: Unexpected string in JSON at position 69
2023-02-28 17:57:37 error: [GET] /update-build >> StatusCode:: 400, Message:: Unexpected string in JSON at position 69
2023-02-28 17:57:40 error: [GET] /update-build >> StatusCode:: 400, Message:: Unexpected string in JSON at position 69
2023-02-28 17:57:40 error: [GET] /update-build >> StatusCode:: 400, Message:: Unexpected string in JSON at position 69
2023-02-28 18:02:37 error: uncaughtException: Cannot set properties of null (setting 'status')
TypeError: Cannot set properties of null (setting 'status')
    at /Users/mac/Documents/www/K8sPipeline/App/src/repositories/pipeline.repository.ts:128:25
    at processTicksAndRejections (node:internal/process/task_queues:95:5)
2023-02-28 18:08:33 error: [POST] /update-build >> StatusCode:: 400, Message:: Unexpected token  in JSON at position 117
2023-02-28 18:08:33 error: [POST] /update-build >> StatusCode:: 400, Message:: Unexpected token / in JSON at position 145
2023-02-28 18:08:33 error: [POST] /update-build >> StatusCode:: 400, Message:: Unexpected token  in JSON at position 117
2023-02-28 18:08:34 error: [POST] /update-build >> StatusCode:: 400, Message:: Unexpected token  in JSON at position 117
2023-02-28 18:08:34 error: [POST] /update-build >> StatusCode:: 400, Message:: Unexpected token  in JSON at position 117
2023-02-28 18:08:34 error: [POST] /update-build >> StatusCode:: 400, Message:: Unexpected token  in JSON at position 117
2023-02-28 18:08:38 error: [POST] /update-build >> StatusCode:: 400, Message:: Unexpected token  in JSON at position 117
2023-02-28 18:08:39 error: [POST] /update-build >> StatusCode:: 400, Message:: Unexpected token  in JSON at position 117
2023-02-28 18:08:39 error: [POST] /update-build >> StatusCode:: 400, Message:: Unexpected token  in JSON at position 117
2023-02-28 18:08:39 error: [POST] /update-build >> StatusCode:: 400, Message:: Unexpected token  in JSON at position 117
2023-02-28 18:08:39 error: [POST] /update-build >> StatusCode:: 400, Message:: Unexpected token  in JSON at position 117
2023-02-28 18:08:39 error: [POST] /update-build >> StatusCode:: 400, Message:: Unexpected token  in JSON at position 117
2023-02-28 18:08:40 error: [POST] /update-build >> StatusCode:: 400, Message:: Unexpected token  in JSON at position 117
2023-02-28 18:08:45 error: [POST] /update-build >> StatusCode:: 400, Message:: Unexpected token  in JSON at position 117
2023-02-28 18:08:45 error: [POST] /update-build >> StatusCode:: 400, Message:: Unexpected token  in JSON at position 117
2023-02-28 18:08:50 error: [POST] /update-build >> StatusCode:: 400, Message:: Unexpected token  in JSON at position 117
2023-02-28 18:08:50 error: [POST] /update-build >> StatusCode:: 400, Message:: Unexpected token  in JSON at position 117
2023-02-28 18:08:51 error: [POST] /update-build >> StatusCode:: 400, Message:: Unexpected token  in JSON at position 117
2023-02-28 18:08:52 error: [POST] /update-build >> StatusCode:: 400, Message:: Unexpected token  in JSON at position 117
2023-02-28 18:08:53 error: [POST] /update-build >> StatusCode:: 400, Message:: Unexpected token  in JSON at position 117
2023-02-28 18:08:53 error: [POST] /update-build >> StatusCode:: 400, Message:: Unexpected token  in JSON at position 117
2023-02-28 18:08:54 error: [POST] /update-build >> StatusCode:: 400, Message:: Unexpected token  in JSON at position 117
2023-02-28 18:08:55 error: [POST] /update-build >> StatusCode:: 400, Message:: Unexpected token  in JSON at position 117
2023-02-28 18:08:55 error: [POST] /update-build >> StatusCode:: 400, Message:: Unexpected token  in JSON at position 117
2023-02-28 18:09:00 error: [POST] /update-build >> StatusCode:: 400, Message:: Unexpected token  in JSON at position 117
2023-02-28 18:09:03 error: [POST] /update-build >> StatusCode:: 400, Message:: Unexpected token  in JSON at position 117
2023-02-28 18:09:03 error: [POST] /update-build >> StatusCode:: 400, Message:: Unexpected token  in JSON at position 117
2023-02-28 18:09:04 error: [POST] /update-build >> StatusCode:: 400, Message:: Unexpected token  in JSON at position 117
2023-02-28 18:09:04 error: [POST] /update-build >> StatusCode:: 400, Message:: Unexpected token  in JSON at position 117
2023-02-28 18:09:04 error: [POST] /update-build >> StatusCode:: 400, Message:: Unexpected token  in JSON at position 117
2023-02-28 18:09:09 error: [POST] /update-build >> StatusCode:: 400, Message:: Unexpected token  in JSON at position 117
2023-02-28 18:10:36 error: [POST] /update-build >> StatusCode:: 400, Message:: Unexpected token / in JSON at position 145
2023-02-28 18:10:36 error: [POST] /update-build >> StatusCode:: 400, Message:: Unexpected token  in JSON at position 117
2023-02-28 18:10:37 error: [POST] /update-build >> StatusCode:: 400, Message:: Unexpected token  in JSON at position 117
2023-02-28 18:10:37 error: [POST] /update-build >> StatusCode:: 400, Message:: Unexpected token  in JSON at position 117
2023-02-28 18:10:38 error: [POST] /update-build >> StatusCode:: 400, Message:: Unexpected token  in JSON at position 117
2023-02-28 18:10:42 error: [POST] /update-build >> StatusCode:: 400, Message:: Unexpected token  in JSON at position 117
2023-02-28 18:10:43 error: [POST] /update-build >> StatusCode:: 400, Message:: Unexpected token  in JSON at position 117
2023-02-28 18:10:43 error: [POST] /update-build >> StatusCode:: 400, Message:: Unexpected token  in JSON at position 117
2023-02-28 18:10:43 error: [POST] /update-build >> StatusCode:: 400, Message:: Unexpected token  in JSON at position 117
2023-02-28 18:10:43 error: [POST] /update-build >> StatusCode:: 400, Message:: Unexpected token  in JSON at position 117
2023-02-28 18:10:44 error: [POST] /update-build >> StatusCode:: 400, Message:: Unexpected token  in JSON at position 117
2023-02-28 18:10:47 error: [POST] /update-build >> StatusCode:: 400, Message:: Unexpected token  in JSON at position 117
2023-02-28 18:10:50 error: [POST] /update-build >> StatusCode:: 400, Message:: Unexpected token  in JSON at position 117
2023-02-28 18:10:50 error: [POST] /update-build >> StatusCode:: 400, Message:: Unexpected token  in JSON at position 117
2023-02-28 18:10:50 error: [POST] /update-build >> StatusCode:: 400, Message:: Unexpected token  in JSON at position 117
2023-02-28 18:10:52 error: [POST] /update-build >> StatusCode:: 400, Message:: Unexpected token  in JSON at position 117
2023-02-28 18:10:52 error: [POST] /update-build >> StatusCode:: 400, Message:: Unexpected token  in JSON at position 117
2023-02-28 18:10:52 error: [POST] /update-build >> StatusCode:: 400, Message:: Unexpected token  in JSON at position 117
2023-02-28 18:10:53 error: [POST] /update-build >> StatusCode:: 400, Message:: Unexpected token  in JSON at position 117
2023-02-28 18:10:53 error: [POST] /update-build >> StatusCode:: 400, Message:: Unexpected token  in JSON at position 117
2023-02-28 18:10:54 error: [POST] /update-build >> StatusCode:: 400, Message:: Unexpected token  in JSON at position 117
2023-02-28 18:10:59 error: [POST] /update-build >> StatusCode:: 400, Message:: Unexpected token  in JSON at position 117
2023-02-28 18:11:03 error: [POST] /update-build >> StatusCode:: 400, Message:: Unexpected token  in JSON at position 117
2023-02-28 18:11:03 error: [POST] /update-build >> StatusCode:: 400, Message:: Unexpected token  in JSON at position 117
2023-02-28 18:11:03 error: [POST] /update-build >> StatusCode:: 400, Message:: Unexpected token  in JSON at position 117
2023-02-28 18:11:03 error: [POST] /update-build >> StatusCode:: 400, Message:: Unexpected token  in JSON at position 117
2023-02-28 18:11:04 error: [POST] /update-build >> StatusCode:: 400, Message:: Unexpected token  in JSON at position 117
2023-02-28 18:11:07 error: [POST] /update-build >> StatusCode:: 400, Message:: Unexpected token  in JSON at position 117
2023-02-28 18:11:08 error: [POST] /update-build >> StatusCode:: 400, Message:: Unexpected token  in JSON at position 117
2023-02-28 18:11:08 error: [POST] /update-build >> StatusCode:: 400, Message:: Unexpected token  in JSON at position 117
2023-02-28 18:11:08 error: [POST] /update-build >> StatusCode:: 400, Message:: Unexpected token  in JSON at position 117
2023-02-28 18:11:08 error: [POST] /update-build >> StatusCode:: 400, Message:: Unexpected token  in JSON at position 117
2023-02-28 18:11:08 error: [POST] /update-build >> StatusCode:: 400, Message:: Unexpected token  in JSON at position 117
2023-02-28 18:11:08 error: [POST] /update-build >> StatusCode:: 400, Message:: Unexpected token  in JSON at position 117
2023-02-28 18:11:08 error: [POST] /update-build >> StatusCode:: 400, Message:: Unexpected token  in JSON at position 117
2023-02-28 18:11:08 error: [POST] /update-build >> StatusCode:: 400, Message:: Unexpected token  in JSON at position 117
2023-02-28 18:11:10 error: [POST] /update-build >> StatusCode:: 400, Message:: Unexpected token  in JSON at position 117
2023-02-28 18:11:10 error: [POST] /update-build >> StatusCode:: 400, Message:: Unexpected token  in JSON at position 117
2023-02-28 18:11:12 error: [POST] /update-build >> StatusCode:: 400, Message:: Unexpected token  in JSON at position 117
2023-02-28 18:11:12 error: [POST] /update-build >> StatusCode:: 400, Message:: Unexpected token  in JSON at position 216
2023-02-28 18:14:27 error: uncaughtException: ER_TRUNCATED_WRONG_VALUE_FOR_FIELD: Incorrect string value: '\xF0\x9F\x9A\x80\x1B[...' for column `k8s_pipeline`.`pipeline_build_entity`.`content` at row 1
QueryFailedError: ER_TRUNCATED_WRONG_VALUE_FOR_FIELD: Incorrect string value: '\xF0\x9F\x9A\x80\x1B[...' for column `k8s_pipeline`.`pipeline_build_entity`.`content` at row 1
    at Query.<anonymous> (/Users/mac/Documents/www/K8sPipeline/App/node_modules/typeorm/src/driver/mysql/MysqlQueryRunner.ts:222:33)
    at Query.<anonymous> (/Users/mac/Documents/www/K8sPipeline/App/node_modules/mysql/lib/Connection.js:526:10)
    at Query._callback (/Users/mac/Documents/www/K8sPipeline/App/node_modules/mysql/lib/Connection.js:488:16)
    at Query.Sequence.end (/Users/mac/Documents/www/K8sPipeline/App/node_modules/mysql/lib/protocol/sequences/Sequence.js:83:24)
    at Query.ErrorPacket (/Users/mac/Documents/www/K8sPipeline/App/node_modules/mysql/lib/protocol/sequences/Query.js:92:8)
    at Protocol._parsePacket (/Users/mac/Documents/www/K8sPipeline/App/node_modules/mysql/lib/protocol/Protocol.js:291:23)
    at Parser._parsePacket (/Users/mac/Documents/www/K8sPipeline/App/node_modules/mysql/lib/protocol/Parser.js:433:10)
    at Parser.write (/Users/mac/Documents/www/K8sPipeline/App/node_modules/mysql/lib/protocol/Parser.js:43:10)
    at Protocol.write (/Users/mac/Documents/www/K8sPipeline/App/node_modules/mysql/lib/protocol/Protocol.js:38:16)
    at Socket.<anonymous> (/Users/mac/Documents/www/K8sPipeline/App/node_modules/mysql/lib/Connection.js:88:28)
2023-02-28 18:14:28 error: uncaughtException: ER_TRUNCATED_WRONG_VALUE_FOR_FIELD: Incorrect string value: '\xF0\x9F\x94\xA7\x1B[...' for column `k8s_pipeline`.`pipeline_build_entity`.`content` at row 1
QueryFailedError: ER_TRUNCATED_WRONG_VALUE_FOR_FIELD: Incorrect string value: '\xF0\x9F\x94\xA7\x1B[...' for column `k8s_pipeline`.`pipeline_build_entity`.`content` at row 1
    at Query.<anonymous> (/Users/mac/Documents/www/K8sPipeline/App/node_modules/typeorm/src/driver/mysql/MysqlQueryRunner.ts:222:33)
    at Query.<anonymous> (/Users/mac/Documents/www/K8sPipeline/App/node_modules/mysql/lib/Connection.js:526:10)
    at Query._callback (/Users/mac/Documents/www/K8sPipeline/App/node_modules/mysql/lib/Connection.js:488:16)
    at Query.Sequence.end (/Users/mac/Documents/www/K8sPipeline/App/node_modules/mysql/lib/protocol/sequences/Sequence.js:83:24)
    at Query.ErrorPacket (/Users/mac/Documents/www/K8sPipeline/App/node_modules/mysql/lib/protocol/sequences/Query.js:92:8)
    at Protocol._parsePacket (/Users/mac/Documents/www/K8sPipeline/App/node_modules/mysql/lib/protocol/Protocol.js:291:23)
    at Parser._parsePacket (/Users/mac/Documents/www/K8sPipeline/App/node_modules/mysql/lib/protocol/Parser.js:433:10)
    at Parser.write (/Users/mac/Documents/www/K8sPipeline/App/node_modules/mysql/lib/protocol/Parser.js:43:10)
    at Protocol.write (/Users/mac/Documents/www/K8sPipeline/App/node_modules/mysql/lib/protocol/Protocol.js:38:16)
    at Socket.<anonymous> (/Users/mac/Documents/www/K8sPipeline/App/node_modules/mysql/lib/Connection.js:88:28)
2023-02-28 18:16:59 error: uncaughtException: ER_TRUNCATED_WRONG_VALUE_FOR_FIELD: Incorrect string value: '\xF0\x9F\x9A\x80\x1B[...' for column `k8s_pipeline`.`pipeline_build_entity`.`content` at row 1
QueryFailedError: ER_TRUNCATED_WRONG_VALUE_FOR_FIELD: Incorrect string value: '\xF0\x9F\x9A\x80\x1B[...' for column `k8s_pipeline`.`pipeline_build_entity`.`content` at row 1
    at Query.<anonymous> (/Users/mac/Documents/www/K8sPipeline/App/node_modules/typeorm/src/driver/mysql/MysqlQueryRunner.ts:222:33)
    at Query.<anonymous> (/Users/mac/Documents/www/K8sPipeline/App/node_modules/mysql/lib/Connection.js:526:10)
    at Query._callback (/Users/mac/Documents/www/K8sPipeline/App/node_modules/mysql/lib/Connection.js:488:16)
    at Query.Sequence.end (/Users/mac/Documents/www/K8sPipeline/App/node_modules/mysql/lib/protocol/sequences/Sequence.js:83:24)
    at Query.ErrorPacket (/Users/mac/Documents/www/K8sPipeline/App/node_modules/mysql/lib/protocol/sequences/Query.js:92:8)
    at Protocol._parsePacket (/Users/mac/Documents/www/K8sPipeline/App/node_modules/mysql/lib/protocol/Protocol.js:291:23)
    at Parser._parsePacket (/Users/mac/Documents/www/K8sPipeline/App/node_modules/mysql/lib/protocol/Parser.js:433:10)
    at Parser.write (/Users/mac/Documents/www/K8sPipeline/App/node_modules/mysql/lib/protocol/Parser.js:43:10)
    at Protocol.write (/Users/mac/Documents/www/K8sPipeline/App/node_modules/mysql/lib/protocol/Protocol.js:38:16)
    at Socket.<anonymous> (/Users/mac/Documents/www/K8sPipeline/App/node_modules/mysql/lib/Connection.js:88:28)
2023-02-28 18:17:00 error: uncaughtException: ER_TRUNCATED_WRONG_VALUE_FOR_FIELD: Incorrect string value: '\xF0\x9F\x94\xA7\x1B[...' for column `k8s_pipeline`.`pipeline_build_entity`.`content` at row 1
QueryFailedError: ER_TRUNCATED_WRONG_VALUE_FOR_FIELD: Incorrect string value: '\xF0\x9F\x94\xA7\x1B[...' for column `k8s_pipeline`.`pipeline_build_entity`.`content` at row 1
    at Query.<anonymous> (/Users/mac/Documents/www/K8sPipeline/App/node_modules/typeorm/src/driver/mysql/MysqlQueryRunner.ts:222:33)
    at Query.<anonymous> (/Users/mac/Documents/www/K8sPipeline/App/node_modules/mysql/lib/Connection.js:526:10)
    at Query._callback (/Users/mac/Documents/www/K8sPipeline/App/node_modules/mysql/lib/Connection.js:488:16)
    at Query.Sequence.end (/Users/mac/Documents/www/K8sPipeline/App/node_modules/mysql/lib/protocol/sequences/Sequence.js:83:24)
    at Query.ErrorPacket (/Users/mac/Documents/www/K8sPipeline/App/node_modules/mysql/lib/protocol/sequences/Query.js:92:8)
    at Protocol._parsePacket (/Users/mac/Documents/www/K8sPipeline/App/node_modules/mysql/lib/protocol/Protocol.js:291:23)
    at Parser._parsePacket (/Users/mac/Documents/www/K8sPipeline/App/node_modules/mysql/lib/protocol/Parser.js:433:10)
    at Parser.write (/Users/mac/Documents/www/K8sPipeline/App/node_modules/mysql/lib/protocol/Parser.js:43:10)
    at Protocol.write (/Users/mac/Documents/www/K8sPipeline/App/node_modules/mysql/lib/protocol/Protocol.js:38:16)
    at Socket.<anonymous> (/Users/mac/Documents/www/K8sPipeline/App/node_modules/mysql/lib/Connection.js:88:28)
2023-02-28 18:20:24 error: uncaughtException: ER_TRUNCATED_WRONG_VALUE_FOR_FIELD: Incorrect string value: '\xF0\x9F\x9A\x80\x1B[...' for column `k8s_pipeline`.`pipeline_build_entity`.`content` at row 1
QueryFailedError: ER_TRUNCATED_WRONG_VALUE_FOR_FIELD: Incorrect string value: '\xF0\x9F\x9A\x80\x1B[...' for column `k8s_pipeline`.`pipeline_build_entity`.`content` at row 1
    at Query.<anonymous> (/Users/mac/Documents/www/K8sPipeline/App/node_modules/typeorm/src/driver/mysql/MysqlQueryRunner.ts:222:33)
    at Query.<anonymous> (/Users/mac/Documents/www/K8sPipeline/App/node_modules/mysql/lib/Connection.js:526:10)
    at Query._callback (/Users/mac/Documents/www/K8sPipeline/App/node_modules/mysql/lib/Connection.js:488:16)
    at Query.Sequence.end (/Users/mac/Documents/www/K8sPipeline/App/node_modules/mysql/lib/protocol/sequences/Sequence.js:83:24)
    at Query.ErrorPacket (/Users/mac/Documents/www/K8sPipeline/App/node_modules/mysql/lib/protocol/sequences/Query.js:92:8)
    at Protocol._parsePacket (/Users/mac/Documents/www/K8sPipeline/App/node_modules/mysql/lib/protocol/Protocol.js:291:23)
    at Parser._parsePacket (/Users/mac/Documents/www/K8sPipeline/App/node_modules/mysql/lib/protocol/Parser.js:433:10)
    at Parser.write (/Users/mac/Documents/www/K8sPipeline/App/node_modules/mysql/lib/protocol/Parser.js:43:10)
    at Protocol.write (/Users/mac/Documents/www/K8sPipeline/App/node_modules/mysql/lib/protocol/Protocol.js:38:16)
    at Socket.<anonymous> (/Users/mac/Documents/www/K8sPipeline/App/node_modules/mysql/lib/Connection.js:88:28)
2023-02-28 18:20:25 error: uncaughtException: ER_TRUNCATED_WRONG_VALUE_FOR_FIELD: Incorrect string value: '\xF0\x9F\x94\xA7\x1B[...' for column `k8s_pipeline`.`pipeline_build_entity`.`content` at row 1
QueryFailedError: ER_TRUNCATED_WRONG_VALUE_FOR_FIELD: Incorrect string value: '\xF0\x9F\x94\xA7\x1B[...' for column `k8s_pipeline`.`pipeline_build_entity`.`content` at row 1
    at Query.<anonymous> (/Users/mac/Documents/www/K8sPipeline/App/node_modules/typeorm/src/driver/mysql/MysqlQueryRunner.ts:222:33)
    at Query.<anonymous> (/Users/mac/Documents/www/K8sPipeline/App/node_modules/mysql/lib/Connection.js:526:10)
    at Query._callback (/Users/mac/Documents/www/K8sPipeline/App/node_modules/mysql/lib/Connection.js:488:16)
    at Query.Sequence.end (/Users/mac/Documents/www/K8sPipeline/App/node_modules/mysql/lib/protocol/sequences/Sequence.js:83:24)
    at Query.ErrorPacket (/Users/mac/Documents/www/K8sPipeline/App/node_modules/mysql/lib/protocol/sequences/Query.js:92:8)
    at Protocol._parsePacket (/Users/mac/Documents/www/K8sPipeline/App/node_modules/mysql/lib/protocol/Protocol.js:291:23)
    at Parser._parsePacket (/Users/mac/Documents/www/K8sPipeline/App/node_modules/mysql/lib/protocol/Parser.js:433:10)
    at Parser.write (/Users/mac/Documents/www/K8sPipeline/App/node_modules/mysql/lib/protocol/Parser.js:43:10)
    at Protocol.write (/Users/mac/Documents/www/K8sPipeline/App/node_modules/mysql/lib/protocol/Protocol.js:38:16)
    at Socket.<anonymous> (/Users/mac/Documents/www/K8sPipeline/App/node_modules/mysql/lib/Connection.js:88:28)
2023-02-28 18:21:09 error: uncaughtException: ER_TRUNCATED_WRONG_VALUE_FOR_FIELD: Incorrect string value: '\xF0\x9F\x9A\x80\x1B[...' for column `k8s_pipeline`.`pipeline_build_entity`.`content` at row 1
QueryFailedError: ER_TRUNCATED_WRONG_VALUE_FOR_FIELD: Incorrect string value: '\xF0\x9F\x9A\x80\x1B[...' for column `k8s_pipeline`.`pipeline_build_entity`.`content` at row 1
    at Query.<anonymous> (/Users/mac/Documents/www/K8sPipeline/App/node_modules/typeorm/src/driver/mysql/MysqlQueryRunner.ts:222:33)
    at Query.<anonymous> (/Users/mac/Documents/www/K8sPipeline/App/node_modules/mysql/lib/Connection.js:526:10)
    at Query._callback (/Users/mac/Documents/www/K8sPipeline/App/node_modules/mysql/lib/Connection.js:488:16)
    at Query.Sequence.end (/Users/mac/Documents/www/K8sPipeline/App/node_modules/mysql/lib/protocol/sequences/Sequence.js:83:24)
    at Query.ErrorPacket (/Users/mac/Documents/www/K8sPipeline/App/node_modules/mysql/lib/protocol/sequences/Query.js:92:8)
    at Protocol._parsePacket (/Users/mac/Documents/www/K8sPipeline/App/node_modules/mysql/lib/protocol/Protocol.js:291:23)
    at Parser._parsePacket (/Users/mac/Documents/www/K8sPipeline/App/node_modules/mysql/lib/protocol/Parser.js:433:10)
    at Parser.write (/Users/mac/Documents/www/K8sPipeline/App/node_modules/mysql/lib/protocol/Parser.js:43:10)
    at Protocol.write (/Users/mac/Documents/www/K8sPipeline/App/node_modules/mysql/lib/protocol/Protocol.js:38:16)
    at Socket.<anonymous> (/Users/mac/Documents/www/K8sPipeline/App/node_modules/mysql/lib/Connection.js:88:28)
2023-02-28 18:21:11 error: uncaughtException: ER_TRUNCATED_WRONG_VALUE_FOR_FIELD: Incorrect string value: '\xF0\x9F\x94\xA7\x1B[...' for column `k8s_pipeline`.`pipeline_build_entity`.`content` at row 1
QueryFailedError: ER_TRUNCATED_WRONG_VALUE_FOR_FIELD: Incorrect string value: '\xF0\x9F\x94\xA7\x1B[...' for column `k8s_pipeline`.`pipeline_build_entity`.`content` at row 1
    at Query.<anonymous> (/Users/mac/Documents/www/K8sPipeline/App/node_modules/typeorm/src/driver/mysql/MysqlQueryRunner.ts:222:33)
    at Query.<anonymous> (/Users/mac/Documents/www/K8sPipeline/App/node_modules/mysql/lib/Connection.js:526:10)
    at Query._callback (/Users/mac/Documents/www/K8sPipeline/App/node_modules/mysql/lib/Connection.js:488:16)
    at Query.Sequence.end (/Users/mac/Documents/www/K8sPipeline/App/node_modules/mysql/lib/protocol/sequences/Sequence.js:83:24)
    at Query.ErrorPacket (/Users/mac/Documents/www/K8sPipeline/App/node_modules/mysql/lib/protocol/sequences/Query.js:92:8)
    at Protocol._parsePacket (/Users/mac/Documents/www/K8sPipeline/App/node_modules/mysql/lib/protocol/Protocol.js:291:23)
    at Parser._parsePacket (/Users/mac/Documents/www/K8sPipeline/App/node_modules/mysql/lib/protocol/Parser.js:433:10)
    at Parser.write (/Users/mac/Documents/www/K8sPipeline/App/node_modules/mysql/lib/protocol/Parser.js:43:10)
    at Protocol.write (/Users/mac/Documents/www/K8sPipeline/App/node_modules/mysql/lib/protocol/Protocol.js:38:16)
    at Socket.<anonymous> (/Users/mac/Documents/www/K8sPipeline/App/node_modules/mysql/lib/Connection.js:88:28)
2023-02-28 18:22:09 error: uncaughtException: ER_TRUNCATED_WRONG_VALUE_FOR_FIELD: Incorrect string value: '\xF0\x9F\x9A\x80\x1B[...' for column `k8s_pipeline`.`pipeline_build_entity`.`content` at row 1
QueryFailedError: ER_TRUNCATED_WRONG_VALUE_FOR_FIELD: Incorrect string value: '\xF0\x9F\x9A\x80\x1B[...' for column `k8s_pipeline`.`pipeline_build_entity`.`content` at row 1
    at Query.<anonymous> (/Users/mac/Documents/www/K8sPipeline/App/node_modules/typeorm/src/driver/mysql/MysqlQueryRunner.ts:222:33)
    at Query.<anonymous> (/Users/mac/Documents/www/K8sPipeline/App/node_modules/mysql/lib/Connection.js:526:10)
    at Query._callback (/Users/mac/Documents/www/K8sPipeline/App/node_modules/mysql/lib/Connection.js:488:16)
    at Query.Sequence.end (/Users/mac/Documents/www/K8sPipeline/App/node_modules/mysql/lib/protocol/sequences/Sequence.js:83:24)
    at Query.ErrorPacket (/Users/mac/Documents/www/K8sPipeline/App/node_modules/mysql/lib/protocol/sequences/Query.js:92:8)
    at Protocol._parsePacket (/Users/mac/Documents/www/K8sPipeline/App/node_modules/mysql/lib/protocol/Protocol.js:291:23)
    at Parser._parsePacket (/Users/mac/Documents/www/K8sPipeline/App/node_modules/mysql/lib/protocol/Parser.js:433:10)
    at Parser.write (/Users/mac/Documents/www/K8sPipeline/App/node_modules/mysql/lib/protocol/Parser.js:43:10)
    at Protocol.write (/Users/mac/Documents/www/K8sPipeline/App/node_modules/mysql/lib/protocol/Protocol.js:38:16)
    at Socket.<anonymous> (/Users/mac/Documents/www/K8sPipeline/App/node_modules/mysql/lib/Connection.js:88:28)
2023-02-28 18:22:10 error: uncaughtException: ER_TRUNCATED_WRONG_VALUE_FOR_FIELD: Incorrect string value: '\xF0\x9F\x94\xA7\x1B[...' for column `k8s_pipeline`.`pipeline_build_entity`.`content` at row 1
QueryFailedError: ER_TRUNCATED_WRONG_VALUE_FOR_FIELD: Incorrect string value: '\xF0\x9F\x94\xA7\x1B[...' for column `k8s_pipeline`.`pipeline_build_entity`.`content` at row 1
    at Query.<anonymous> (/Users/mac/Documents/www/K8sPipeline/App/node_modules/typeorm/src/driver/mysql/MysqlQueryRunner.ts:222:33)
    at Query.<anonymous> (/Users/mac/Documents/www/K8sPipeline/App/node_modules/mysql/lib/Connection.js:526:10)
    at Query._callback (/Users/mac/Documents/www/K8sPipeline/App/node_modules/mysql/lib/Connection.js:488:16)
    at Query.Sequence.end (/Users/mac/Documents/www/K8sPipeline/App/node_modules/mysql/lib/protocol/sequences/Sequence.js:83:24)
    at Query.ErrorPacket (/Users/mac/Documents/www/K8sPipeline/App/node_modules/mysql/lib/protocol/sequences/Query.js:92:8)
    at Protocol._parsePacket (/Users/mac/Documents/www/K8sPipeline/App/node_modules/mysql/lib/protocol/Protocol.js:291:23)
    at Parser._parsePacket (/Users/mac/Documents/www/K8sPipeline/App/node_modules/mysql/lib/protocol/Parser.js:433:10)
    at Parser.write (/Users/mac/Documents/www/K8sPipeline/App/node_modules/mysql/lib/protocol/Parser.js:43:10)
    at Protocol.write (/Users/mac/Documents/www/K8sPipeline/App/node_modules/mysql/lib/protocol/Protocol.js:38:16)
    at Socket.<anonymous> (/Users/mac/Documents/www/K8sPipeline/App/node_modules/mysql/lib/Connection.js:88:28)
2023-02-28 18:29:51 error: uncaughtException: Unexpected strict mode reserved word
/Users/mac/Documents/www/K8sPipeline/App/src/repositories/pipeline.repository.ts:173
            const let = 0;
                  ^^^

SyntaxError: Unexpected strict mode reserved word
    at Object.compileFunction (node:vm:360:18)
    at wrapSafe (node:internal/modules/cjs/loader:1088:15)
    at Module._compile (node:internal/modules/cjs/loader:1123:27)
    at Module.m._compile (/Users/mac/Documents/www/K8sPipeline/App/node_modules/ts-node/src/index.ts:1618:23)
    at Module._extensions..js (node:internal/modules/cjs/loader:1213:10)
    at Object.require.extensions.<computed> [as .ts] (/Users/mac/Documents/www/K8sPipeline/App/node_modules/ts-node/src/index.ts:1621:12)
    at Module.load (node:internal/modules/cjs/loader:1037:32)
    at Function.Module._load (node:internal/modules/cjs/loader:878:12)
    at Module.require (node:internal/modules/cjs/loader:1061:19)
    at require (node:internal/modules/cjs/helpers:103:18)
2023-02-28 18:34:11 error: uncaughtException: ER_TRUNCATED_WRONG_VALUE_FOR_FIELD: Incorrect string value: '\xF0\x9F\x9A\x80\x1B[...' for column `k8s_pipeline`.`pipeline_build_entity`.`content` at row 1
QueryFailedError: ER_TRUNCATED_WRONG_VALUE_FOR_FIELD: Incorrect string value: '\xF0\x9F\x9A\x80\x1B[...' for column `k8s_pipeline`.`pipeline_build_entity`.`content` at row 1
    at Query.<anonymous> (/Users/mac/Documents/www/K8sPipeline/App/node_modules/typeorm/src/driver/mysql/MysqlQueryRunner.ts:222:33)
    at Query.<anonymous> (/Users/mac/Documents/www/K8sPipeline/App/node_modules/mysql/lib/Connection.js:526:10)
    at Query._callback (/Users/mac/Documents/www/K8sPipeline/App/node_modules/mysql/lib/Connection.js:488:16)
    at Query.Sequence.end (/Users/mac/Documents/www/K8sPipeline/App/node_modules/mysql/lib/protocol/sequences/Sequence.js:83:24)
    at Query.ErrorPacket (/Users/mac/Documents/www/K8sPipeline/App/node_modules/mysql/lib/protocol/sequences/Query.js:92:8)
    at Protocol._parsePacket (/Users/mac/Documents/www/K8sPipeline/App/node_modules/mysql/lib/protocol/Protocol.js:291:23)
    at Parser._parsePacket (/Users/mac/Documents/www/K8sPipeline/App/node_modules/mysql/lib/protocol/Parser.js:433:10)
    at Parser.write (/Users/mac/Documents/www/K8sPipeline/App/node_modules/mysql/lib/protocol/Parser.js:43:10)
    at Protocol.write (/Users/mac/Documents/www/K8sPipeline/App/node_modules/mysql/lib/protocol/Protocol.js:38:16)
    at Socket.<anonymous> (/Users/mac/Documents/www/K8sPipeline/App/node_modules/mysql/lib/Connection.js:88:28)
2023-02-28 18:36:00 error: uncaughtException: ER_TRUNCATED_WRONG_VALUE_FOR_FIELD: Incorrect string value: '\xF0\x9F\x9A\x80\x1B[...' for column `k8s_pipeline`.`pipeline_build_entity`.`content` at row 1
QueryFailedError: ER_TRUNCATED_WRONG_VALUE_FOR_FIELD: Incorrect string value: '\xF0\x9F\x9A\x80\x1B[...' for column `k8s_pipeline`.`pipeline_build_entity`.`content` at row 1
    at Query.<anonymous> (/Users/mac/Documents/www/K8sPipeline/App/node_modules/typeorm/src/driver/mysql/MysqlQueryRunner.ts:222:33)
    at Query.<anonymous> (/Users/mac/Documents/www/K8sPipeline/App/node_modules/mysql/lib/Connection.js:526:10)
    at Query._callback (/Users/mac/Documents/www/K8sPipeline/App/node_modules/mysql/lib/Connection.js:488:16)
    at Query.Sequence.end (/Users/mac/Documents/www/K8sPipeline/App/node_modules/mysql/lib/protocol/sequences/Sequence.js:83:24)
    at Query.ErrorPacket (/Users/mac/Documents/www/K8sPipeline/App/node_modules/mysql/lib/protocol/sequences/Query.js:92:8)
    at Protocol._parsePacket (/Users/mac/Documents/www/K8sPipeline/App/node_modules/mysql/lib/protocol/Protocol.js:291:23)
    at Parser._parsePacket (/Users/mac/Documents/www/K8sPipeline/App/node_modules/mysql/lib/protocol/Parser.js:433:10)
    at Parser.write (/Users/mac/Documents/www/K8sPipeline/App/node_modules/mysql/lib/protocol/Parser.js:43:10)
    at Protocol.write (/Users/mac/Documents/www/K8sPipeline/App/node_modules/mysql/lib/protocol/Protocol.js:38:16)
    at Socket.<anonymous> (/Users/mac/Documents/www/K8sPipeline/App/node_modules/mysql/lib/Connection.js:88:28)
2023-02-28 18:42:15 error: [POST] /update-build >> StatusCode:: 400, Message:: Unexpected end of JSON input
2023-02-28 18:45:10 error: uncaughtException: ER_TRUNCATED_WRONG_VALUE_FOR_FIELD: Incorrect string value: '\xF0\x9F\x9A\x80\x1B[...' for column `k8s_pipeline`.`pipeline_build_entity`.`content` at row 1
QueryFailedError: ER_TRUNCATED_WRONG_VALUE_FOR_FIELD: Incorrect string value: '\xF0\x9F\x9A\x80\x1B[...' for column `k8s_pipeline`.`pipeline_build_entity`.`content` at row 1
    at Query.<anonymous> (/Users/mac/Documents/www/K8sPipeline/App/node_modules/typeorm/src/driver/mysql/MysqlQueryRunner.ts:222:33)
    at Query.<anonymous> (/Users/mac/Documents/www/K8sPipeline/App/node_modules/mysql/lib/Connection.js:526:10)
    at Query._callback (/Users/mac/Documents/www/K8sPipeline/App/node_modules/mysql/lib/Connection.js:488:16)
    at Query.Sequence.end (/Users/mac/Documents/www/K8sPipeline/App/node_modules/mysql/lib/protocol/sequences/Sequence.js:83:24)
    at Query.ErrorPacket (/Users/mac/Documents/www/K8sPipeline/App/node_modules/mysql/lib/protocol/sequences/Query.js:92:8)
    at Protocol._parsePacket (/Users/mac/Documents/www/K8sPipeline/App/node_modules/mysql/lib/protocol/Protocol.js:291:23)
    at Parser._parsePacket (/Users/mac/Documents/www/K8sPipeline/App/node_modules/mysql/lib/protocol/Parser.js:433:10)
    at Parser.write (/Users/mac/Documents/www/K8sPipeline/App/node_modules/mysql/lib/protocol/Parser.js:43:10)
    at Protocol.write (/Users/mac/Documents/www/K8sPipeline/App/node_modules/mysql/lib/protocol/Protocol.js:38:16)
    at Socket.<anonymous> (/Users/mac/Documents/www/K8sPipeline/App/node_modules/mysql/lib/Connection.js:88:28)
2023-02-28 22:01:30 error: uncaughtException: ER_TRUNCATED_WRONG_VALUE_FOR_FIELD: Incorrect string value: '\xF0\x9F\x9A\x80\x1B[...' for column `k8s_pipeline`.`pipeline_build_entity`.`content` at row 1
QueryFailedError: ER_TRUNCATED_WRONG_VALUE_FOR_FIELD: Incorrect string value: '\xF0\x9F\x9A\x80\x1B[...' for column `k8s_pipeline`.`pipeline_build_entity`.`content` at row 1
    at Query.<anonymous> (/Users/mac/Documents/www/K8sPipeline/App/node_modules/typeorm/src/driver/mysql/MysqlQueryRunner.ts:222:33)
    at Query.<anonymous> (/Users/mac/Documents/www/K8sPipeline/App/node_modules/mysql/lib/Connection.js:526:10)
    at Query._callback (/Users/mac/Documents/www/K8sPipeline/App/node_modules/mysql/lib/Connection.js:488:16)
    at Query.Sequence.end (/Users/mac/Documents/www/K8sPipeline/App/node_modules/mysql/lib/protocol/sequences/Sequence.js:83:24)
    at Query.ErrorPacket (/Users/mac/Documents/www/K8sPipeline/App/node_modules/mysql/lib/protocol/sequences/Query.js:92:8)
    at Protocol._parsePacket (/Users/mac/Documents/www/K8sPipeline/App/node_modules/mysql/lib/protocol/Protocol.js:291:23)
    at Parser._parsePacket (/Users/mac/Documents/www/K8sPipeline/App/node_modules/mysql/lib/protocol/Parser.js:433:10)
    at Parser.write (/Users/mac/Documents/www/K8sPipeline/App/node_modules/mysql/lib/protocol/Parser.js:43:10)
    at Protocol.write (/Users/mac/Documents/www/K8sPipeline/App/node_modules/mysql/lib/protocol/Protocol.js:38:16)
    at Socket.<anonymous> (/Users/mac/Documents/www/K8sPipeline/App/node_modules/mysql/lib/Connection.js:88:28)
2023-02-28 22:06:37 error: uncaughtException: ER_TRUNCATED_WRONG_VALUE_FOR_FIELD: Incorrect string value: '\xF0\x9F\x9A\x80\x1B[...' for column `k8s_pipeline`.`pipeline_build_entity`.`content` at row 1
QueryFailedError: ER_TRUNCATED_WRONG_VALUE_FOR_FIELD: Incorrect string value: '\xF0\x9F\x9A\x80\x1B[...' for column `k8s_pipeline`.`pipeline_build_entity`.`content` at row 1
    at Query.<anonymous> (/Users/mac/Documents/www/K8sPipeline/App/node_modules/typeorm/src/driver/mysql/MysqlQueryRunner.ts:222:33)
    at Query.<anonymous> (/Users/mac/Documents/www/K8sPipeline/App/node_modules/mysql/lib/Connection.js:526:10)
    at Query._callback (/Users/mac/Documents/www/K8sPipeline/App/node_modules/mysql/lib/Connection.js:488:16)
    at Query.Sequence.end (/Users/mac/Documents/www/K8sPipeline/App/node_modules/mysql/lib/protocol/sequences/Sequence.js:83:24)
    at Query.ErrorPacket (/Users/mac/Documents/www/K8sPipeline/App/node_modules/mysql/lib/protocol/sequences/Query.js:92:8)
    at Protocol._parsePacket (/Users/mac/Documents/www/K8sPipeline/App/node_modules/mysql/lib/protocol/Protocol.js:291:23)
    at Parser._parsePacket (/Users/mac/Documents/www/K8sPipeline/App/node_modules/mysql/lib/protocol/Parser.js:433:10)
    at Parser.write (/Users/mac/Documents/www/K8sPipeline/App/node_modules/mysql/lib/protocol/Parser.js:43:10)
    at Protocol.write (/Users/mac/Documents/www/K8sPipeline/App/node_modules/mysql/lib/protocol/Protocol.js:38:16)
    at Socket.<anonymous> (/Users/mac/Documents/www/K8sPipeline/App/node_modules/mysql/lib/Connection.js:88:28)
2023-02-28 22:08:11 error: uncaughtException: ER_TRUNCATED_WRONG_VALUE_FOR_FIELD: Incorrect string value: '\xF0\x9F\x9A\x80\x1B[...' for column `k8s_pipeline`.`pipeline_build_entity`.`content` at row 1
QueryFailedError: ER_TRUNCATED_WRONG_VALUE_FOR_FIELD: Incorrect string value: '\xF0\x9F\x9A\x80\x1B[...' for column `k8s_pipeline`.`pipeline_build_entity`.`content` at row 1
    at Query.<anonymous> (/Users/mac/Documents/www/K8sPipeline/App/node_modules/typeorm/src/driver/mysql/MysqlQueryRunner.ts:222:33)
    at Query.<anonymous> (/Users/mac/Documents/www/K8sPipeline/App/node_modules/mysql/lib/Connection.js:526:10)
    at Query._callback (/Users/mac/Documents/www/K8sPipeline/App/node_modules/mysql/lib/Connection.js:488:16)
    at Query.Sequence.end (/Users/mac/Documents/www/K8sPipeline/App/node_modules/mysql/lib/protocol/sequences/Sequence.js:83:24)
    at Query.ErrorPacket (/Users/mac/Documents/www/K8sPipeline/App/node_modules/mysql/lib/protocol/sequences/Query.js:92:8)
    at Protocol._parsePacket (/Users/mac/Documents/www/K8sPipeline/App/node_modules/mysql/lib/protocol/Protocol.js:291:23)
    at Parser._parsePacket (/Users/mac/Documents/www/K8sPipeline/App/node_modules/mysql/lib/protocol/Parser.js:433:10)
    at Parser.write (/Users/mac/Documents/www/K8sPipeline/App/node_modules/mysql/lib/protocol/Parser.js:43:10)
    at Protocol.write (/Users/mac/Documents/www/K8sPipeline/App/node_modules/mysql/lib/protocol/Protocol.js:38:16)
    at Socket.<anonymous> (/Users/mac/Documents/www/K8sPipeline/App/node_modules/mysql/lib/Connection.js:88:28)
2023-02-28 22:51:14 error: uncaughtException:  Unable to compile TypeScript:
[96msrc/repositories/pipeline.repository.ts[0m:[93m175[0m:[93m84[0m - [91merror[0m[90m TS1005: [0m',' expected.

[7m175[0m       `${earthly()} +setup --no-cache ${repoVariables} && \ ${updateBuildProgress(j]JSON.stringify({
[7m   [0m [91m                                                                                   ~[0m

TSError:  Unable to compile TypeScript:
[96msrc/repositories/pipeline.repository.ts[0m:[93m175[0m:[93m84[0m - [91merror[0m[90m TS1005: [0m',' expected.

[7m175[0m       `${earthly()} +setup --no-cache ${repoVariables} && \ ${updateBuildProgress(j]JSON.stringify({
[7m   [0m [91m                                                                                   ~[0m

    at createTSError (/Users/mac/Documents/www/K8sPipeline/App/node_modules/ts-node/src/index.ts:859:12)
    at reportTSError (/Users/mac/Documents/www/K8sPipeline/App/node_modules/ts-node/src/index.ts:863:19)
    at /Users/mac/Documents/www/K8sPipeline/App/node_modules/ts-node/src/index.ts:1379:34
    at Object.compile (/Users/mac/Documents/www/K8sPipeline/App/node_modules/ts-node/src/index.ts:1458:13)
    at Module.m._compile (/Users/mac/Documents/www/K8sPipeline/App/node_modules/ts-node/src/index.ts:1617:30)
    at Module._extensions..js (node:internal/modules/cjs/loader:1213:10)
    at Object.require.extensions.<computed> [as .ts] (/Users/mac/Documents/www/K8sPipeline/App/node_modules/ts-node/src/index.ts:1621:12)
    at Module.load (node:internal/modules/cjs/loader:1037:32)
    at Function.Module._load (node:internal/modules/cjs/loader:878:12)
    at Module.require (node:internal/modules/cjs/loader:1061:19)
